




<!DOCTYPE html>
<html>
<head>
	<meta charset='UTF-8' /> 
	<meta name='description' content='' />
	<meta name='robots' content='noodp, noydir' />
	<meta name='viewport' content='width=device-width, initial-scale=1' />
	<meta id="timeStampFormat" name="timeStampFormat" content='MMM d, yyyy hh:mm:ss a'/>
	
        <link href='http://fonts.googleapis.com/css?family=Source+Sans+Pro:400,600' rel='stylesheet' type='text/css' />
        <link href="http://fonts.googleapis.com/icon?family=Material+Icons" rel="stylesheet" />
        <link href='http://cdn.jsdelivr.net/gh/extent-framework/extent-github-cdn@ff53917fbbdb5ef820abbbe4d199a6942dc771ff/v3html/css/extent.css' type='text/css' rel='stylesheet' />
	
	<title></title>

	<style type='text/css'>
		/* json-tree */
		.jstBracket,.jstComma,.jstValue{white-space:pre-wrap}.jstValue{font-size:10px;font-weight:400;font-family:"Lucida Console",Monaco,monospace}.jstProperty{color:#666;word-wrap:break-word}.jstBool{color:#2525CC}.jstNum{color:#D036D0}.jstNull{color:gray}.jstStr{color:#2DB669}.jstFold:after{content:' -';cursor:pointer}.jstExpand{white-space:normal}.jstExpand:after{content:' +';cursor:pointer}.jstFolded{white-space:normal!important}.jstHiddenBlock{display:none}
			
	</style>
	
	<script type="text/javascript">
		/*! json-tree - v0.2.2 - 2017-09-25, MIT LICENSE */
		var JSONTree=function(){var n={"&":"&amp;","<":"&lt;",">":"&gt;",'"':"&quot;","'":"&#x27;","/":"&#x2F;"},t=0,r=0;this.create=function(n,t){return r+=1,N(u(n,0,!1),{class:"jstValue"})};var e=function(t){return t.replace(/[&<>'"]/g,function(t){return n[t]})},s=function(){return r+"_"+t++},u=function(n,t,r){if(null===n)return f(r?t:0);switch(typeof n){case"boolean":return l(n,r?t:0);case"number":return i(n,r?t:0);case"string":return o(n,r?t:0);default:return n instanceof Array?a(n,t,r):c(n,t,r)}},c=function(n,t,r){var e=s(),u=Object.keys(n).map(function(r){return j(r,n[r],t+1,!0)}).join(m()),c=[g("{",r?t:0,e),N(u,{id:e}),p("}",t)].join("\n");return N(c,{})},a=function(n,t,r){var e=s(),c=n.map(function(n){return u(n,t+1,!0)}).join(m());return[g("[",r?t:0,e),N(c,{id:e}),p("]",t)].join("\n")},o=function(n,t){var r=e(JSON.stringify(n));return N(v(r,t),{class:"jstStr"})},i=function(n,t){return N(v(n,t),{class:"jstNum"})},l=function(n,t){return N(v(n,t),{class:"jstBool"})},f=function(n){return N(v("null",n),{class:"jstNull"})},j=function(n,t,r){var s=v(e(JSON.stringify(n))+": ",r),c=N(u(t,r,!1),{});return N(s+c,{class:"jstProperty"})},m=function(){return N(",\n",{class:"jstComma"})},N=function(n,t){return d("span",t,n)},d=function(n,t,r){return"<"+n+Object.keys(t).map(function(n){return" "+n+'="'+t[n]+'"'}).join("")+">"+r+"</"+n+">"},g=function(n,t,r){return N(v(n,t),{class:"jstBracket"})+N("",{class:"jstFold",onclick:"JSONTree.toggle('"+r+"')"})};this.toggle=function(n){var t=document.getElementById(n),r=t.parentNode,e=t.previousElementSibling;""===t.className?(t.className="jstHiddenBlock",r.className="jstFolded",e.className="jstExpand"):(t.className="",r.className="",e.className="jstFold")};var p=function(n,t){return N(v(n,t),{})},v=function(n,t){return Array(2*t+1).join(" ")+n};return this}();
	</script>
</head>
	<body class='extent standard default hide-overflow bdd-report'>
		<div id='theme-selector' alt='Click to toggle theme. To enable by default, use theme configuration.' title='Click to toggle theme. To enable by default, use theme configuration.'>
			<span><i class='material-icons'>desktop_windows</i></span>
		</div>
<nav>
	<div class="nav-wrapper">
        <a href="#!" class="brand-logo black"><img src="http://cdn.jsdelivr.net/gh/extent-framework/extent-github-cdn@ff53917fbbdb5ef820abbbe4d199a6942dc771ff/commons/img/logo.png"></a>
		<!-- slideout menu -->
		<ul id='slide-out' class='side-nav fixed hide-on-med-and-down'>
			<li class='waves-effect active'><a href='#!' view='test-view' onclick="configureView(0);chartsView('test');"><i class='material-icons'>dashboard</i></a></li>
			<li class='waves-effect'><a href='#!' view='category-view' onclick="configureView(1)"><i class='material-icons'>label_outline</i></a></li>
			<li class='waves-effect'><a href='#!' view='exception-view' onclick="configureView(2)"><i class='material-icons'>bug_report</i></a></li>
			<li class='waves-effect'><a href='#!' onclick="configureView(-1);chartsView('dashboard');" view='dashboard-view'><i class='material-icons'>track_changes</i></a></li>
		</ul>
		<!-- report name -->
		<span class='report-name'></span>
		<!-- report headline -->
		<span class='report-headline'></span>
		<!-- nav-right -->
		<ul id='nav-mobile' class='right hide-on-med-and-down nav-right'>
			<a href='#!'>
			<span class='label blue darken-3 suite-start-time'>Nov 21, 2023 12:08:23 PM</span>
			</a>
		</ul>
	</div>
</nav>		<!-- container -->
		<div class='container'>
<div id='test-view' class='view'>
	<section id='controls'>
		<div class='controls grey lighten-4'>
			<!-- test toggle -->
			<div class='chip transparent'>
				<a class='dropdown-button tests-toggle' data-activates='tests-toggle' data-constrainwidth='true' data-beloworigin='true' data-hover='true' href='#'>
				<i class='material-icons'>warning</i> Status
				</a>
				<ul id='tests-toggle' class='dropdown-content'>
										<li status='pass'><a href='#!'>Pass <i class='material-icons green-text'>check_circle</i></a></li>
					<li status='fail'><a href='#!'>Fail <i class='material-icons red-text'>cancel</i></a></li>
					<li class='divider'></li>
					<li status='clear' clear='true'><a href='#!'>Clear Filters <i class='material-icons'>clear</i></a></li>
				</ul>
			</div>
			<!-- test toggle -->
			<!-- category toggle -->
			<div class='chip transparent'>
				<a class='dropdown-button category-toggle' data-activates='category-toggle' data-constrainwidth='false' data-beloworigin='true' data-hover='true' href='#'>
				<i class='material-icons'>local_offer</i> Category
				</a>
				<ul id='category-toggle' class='dropdown-content'>
					<li><a href='#'>@ComputerGlassesCategory</a></li>
					<li><a href='#'>@EyeGlassescategory</a></li>
					<li><a href='#'>@AboutUs</a></li>
					<li><a href='#'>@MyAccount</a></li>
					<li><a href='#'>@ValidCredentials</a></li>
					<li><a href='#'>@Wishlist</a></li>
					<li><a href='#'>@RegisterPage</a></li>
					<li><a href='#'>@Searchproduct</a></li>
					<li class='divider'></li>
					<li class='clear'><a href='#!' clear='true'>Clear Filters</a></li>
				</ul>
			</div>
			<!-- category toggle -->
			<!-- clear filters -->
			<div class='chip transparent hide'>
				<a class='' id='clear-filters' alt='Clear Filters' title='Clear Filters'>
				<i class='material-icons'>close</i> Clear
				</a>
			</div>
			<!-- clear filters -->
			<!-- enable dashboard -->
			<div id='toggle-test-view-charts' class='chip transparent'>
				<a class='pink-text' id='enable-dashboard' alt='Enable Dashboard' title='Enable Dashboard'>
				<i class='material-icons'>track_changes</i> Dashboard
				</a>
			</div>
			<!-- enable dashboard -->
			<!-- search -->
			<div class='chip transparent' alt='Search Tests' title='Search Tests'>
				<a href="#" class='search-div'>
				<i class='material-icons'>search</i> Search
				</a>
				<div class='input-field left hide'>
					<input id='search-tests' type='text' class='validate browser-default' placeholder='Search Tests...'>
				</div>
			</div>
			<!-- search -->
		</div>
	</section>

<div id='test-view-charts' class='subview-full'>
    <div id='charts-row' class='row nm-v nm-h'>
        <div class='col s12 m4 l4 np-h'>
            <div class='card-panel nm-v'>
                <div class='left panel-name'>Features</div>
                <div class='chart-box' style="max-height:94px;">
                    <canvas id='parent-analysis' width='90' height='70'></canvas>
                </div>
                <div class='block text-small'>
                    <span class='tooltipped' data-position='top' data-tooltip='$16%'>
                    <span class='strong'>2</span> features passed</span>
                </div>
                <div class='block text-small'>
                    <span class='strong tooltipped' data-position='top' data-tooltip='83%'>
                    10</span> features failed, 
                    <span class='strong tooltipped' data-position='top' data-tooltip='0%'>
                    0</span> skipped
                </div>
            </div>
        </div>
        <div class='col s12 m4 l4 np-h'>
            <div class='card-panel nm-v'>
                <div class='left panel-name'>Scenarios</div>
                <div class='chart-box' style="max-height:94px;">
                    <canvas id='child-analysis' width='90' height='70'></canvas>
                </div>
                <div class='block text-small'>
                    <span class='tooltipped' data-position='top' data-tooltip='16%'>
                    <span class='strong'>2</span> scenarios passed</span>
                </div>
                <div class='block text-small'>
                    <span class='strong tooltipped' data-position='top' data-tooltip='83%'>
                    10</span> scenarios failed, 
                    <span class='strong tooltipped' data-position='top' data-tooltip='0%'>
                    0</span> skipped, 
                    <span class='strong tooltipped' data-position='top' data-tooltip='0%'>
                    0</span> others
                </div>
            </div>
        </div>
        <div class='col s12 m4 l4 np-h'>
            <div class='card-panel nm-v'>
                <div class='left panel-name'>Steps</div>
                <div class='chart-box' style="max-height:94px;">
                    <canvas id='grandchild-analysis' width='90' height='70'></canvas>
                </div>
                <div class='block text-small'>
                    <span class='tooltipped' data-position='top' data-tooltip='25%'>
                    <span class='strong'>27</span> steps passed</span>
                </div>
                <div class='block text-small'>
                    <span class='strong tooltipped' data-position='top' data-tooltip='9%'>
                    10</span> steps failed, 
                    <span class='strong tooltipped' data-position='top' data-tooltip='64%'>
                    67</span> skipped, 
                    <span class='strong tooltipped' data-position='top' data-tooltip='0%'>
                    0</span> others
                </div>
            </div>
        </div>
    </div>
    <div id="timeline-chart" class="row nm-v nm-h">
        <div class="col s12 m12 l12 np-h">
            <div class="card-panel">
                <div class='left panel-name'>Timeline (seconds)</div>
                <div class="chart-box" style="width:98%;max-height:145px;">
                    <canvas id="timeline" height="120"></canvas>
                </div>
            </div>
        </div>
    </div>
</div>	
	<div class='subview-left left'>
		<div class='view-summary'>
			<ul id='test-collection' class='test-collection'>
				<li class='test displayed active has-leaf fail' status='fail' bdd='true' test-id='1'>
					<div class='test-heading'>
						<span class='test-name'>Check AboutUs in lenskart application</span>
						<span class='test-time'>Nov 21, 2023 12:08:23 PM</span>
						<span class='test-status right fail'>Fail</span>
					</div>
					<div class='test-content hide'>
<div class="sr-filters bdd-filters">
	<a class="btn-floating waves-effect waves-light pass green" title="pass"><i class='material-icons'>check_circle</i></a>
	<a class="btn-floating waves-effect waves-light fail red" title="fail"><i class='material-icons'>cancel</i></a>
	<a class="btn-floating waves-effect waves-light skip blue" title="skip"><i class='material-icons'>redo</i></a>
	<a class="btn-floating waves-effect waves-light clear grey" title="clear"><i class='material-icons'>clear</i></a>
</div>

<div class='scenario node' test-id='2' status='fail'>

	<span class='duration right label'>00 00 05.796</span>
	<div class="bdd-test">
		<div class="scenario-name"><span class='status fail' title='Fail'><i class='material-icons'>cancel</i></span> Scenario: Checking AboutUs features in lenskart application</div>
	</div>
	
	
		<div class='category-list'>
				<span class='category label'>@AboutUs</span>
		</div>
	
	<ul class='steps'>
		<li test-id='4' class='node given Fail' status='Fail'>
			<div class="step-name" title="(Definitions.AboutUsStepDef.user_goes_to_lenskart_webpage())"><span class='status fail' title='Fail'><i class='material-icons'>cancel</i></span>Given User goes to lenskart webpage</div>


					<textarea disabled class="code-block">io.cucumber.core.exception.CucumberException: Failed to instantiate class Definitions.AboutUsStepDef
	at io.cucumber.core.backend.DefaultObjectFactory.cacheNewInstance(DefaultObjectFactory.java:67)
	at io.cucumber.core.backend.DefaultObjectFactory.getInstance(DefaultObjectFactory.java:45)
	at io.cucumber.java.AbstractGlueDefinition.invokeMethod(AbstractGlueDefinition.java:47)
	at io.cucumber.java.JavaStepDefinition.execute(JavaStepDefinition.java:29)
	at io.cucumber.core.runner.CoreStepDefinition.execute(CoreStepDefinition.java:66)
	at io.cucumber.core.runner.PickleStepDefinitionMatch.runStep(PickleStepDefinitionMatch.java:63)
	at io.cucumber.core.runner.ExecutionMode$1.execute(ExecutionMode.java:10)
	at io.cucumber.core.runner.TestStep.executeStep(TestStep.java:84)
	at io.cucumber.core.runner.TestStep.run(TestStep.java:56)
	at io.cucumber.core.runner.PickleStepTestStep.run(PickleStepTestStep.java:51)
	at io.cucumber.core.runner.TestCase.run(TestCase.java:84)
	at io.cucumber.core.runner.Runner.runPickle(Runner.java:75)
	at io.cucumber.junit.PickleRunners$NoStepDescriptions.lambda$run$0(PickleRunners.java:151)
	at io.cucumber.core.runtime.CucumberExecutionContext.lambda$runTestCase$5(CucumberExecutionContext.java:137)
	at io.cucumber.core.runtime.RethrowingThrowableCollector.executeAndThrow(RethrowingThrowableCollector.java:23)
	at io.cucumber.core.runtime.CucumberExecutionContext.runTestCase(CucumberExecutionContext.java:137)
	at io.cucumber.junit.PickleRunners$NoStepDescriptions.run(PickleRunners.java:148)
	at io.cucumber.junit.FeatureRunner.runChild(FeatureRunner.java:144)
	at io.cucumber.junit.FeatureRunner.runChild(FeatureRunner.java:28)
	at org.junit.runners.ParentRunner$4.run(ParentRunner.java:331)
	at org.junit.runners.ParentRunner$1.schedule(ParentRunner.java:79)
	at org.junit.runners.ParentRunner.runChildren(ParentRunner.java:329)
	at org.junit.runners.ParentRunner.access$100(ParentRunner.java:66)
	at org.junit.runners.ParentRunner$2.evaluate(ParentRunner.java:293)
	at org.junit.runners.ParentRunner$3.evaluate(ParentRunner.java:306)
	at org.junit.runners.ParentRunner.run(ParentRunner.java:413)
	at io.cucumber.junit.FeatureRunner.run(FeatureRunner.java:137)
	at io.cucumber.junit.Cucumber.runChild(Cucumber.java:196)
	at io.cucumber.junit.Cucumber.runChild(Cucumber.java:89)
	at org.junit.runners.ParentRunner$4.run(ParentRunner.java:331)
	at org.junit.runners.ParentRunner$1.schedule(ParentRunner.java:79)
	at org.junit.runners.ParentRunner.runChildren(ParentRunner.java:329)
	at org.junit.runners.ParentRunner.access$100(ParentRunner.java:66)
	at org.junit.runners.ParentRunner$2.evaluate(ParentRunner.java:293)
	at io.cucumber.core.runtime.CucumberExecutionContext.lambda$runFeatures$6(CucumberExecutionContext.java:148)
	at io.cucumber.core.runtime.CucumberExecutionContext.execute(CucumberExecutionContext.java:163)
	at io.cucumber.core.runtime.CucumberExecutionContext.runFeatures(CucumberExecutionContext.java:146)
	at io.cucumber.junit.Cucumber$StartAndFinishTestRun.evaluate(Cucumber.java:226)
	at org.junit.runners.ParentRunner$3.evaluate(ParentRunner.java:306)
	at org.junit.runners.ParentRunner.run(ParentRunner.java:413)
	at org.eclipse.jdt.internal.junit4.runner.JUnit4TestReference.run(JUnit4TestReference.java:93)
	at org.eclipse.jdt.internal.junit.runner.TestExecution.run(TestExecution.java:40)
	at org.eclipse.jdt.internal.junit.runner.RemoteTestRunner.runTests(RemoteTestRunner.java:529)
	at org.eclipse.jdt.internal.junit.runner.RemoteTestRunner.runTests(RemoteTestRunner.java:756)
	at org.eclipse.jdt.internal.junit.runner.RemoteTestRunner.run(RemoteTestRunner.java:452)
	at org.eclipse.jdt.internal.junit.runner.RemoteTestRunner.main(RemoteTestRunner.java:210)
Caused by: java.lang.reflect.InvocationTargetException
	at java.base/jdk.internal.reflect.NativeConstructorAccessorImpl.newInstance0(Native Method)
	at java.base/jdk.internal.reflect.NativeConstructorAccessorImpl.newInstance(NativeConstructorAccessorImpl.java:77)
	at java.base/jdk.internal.reflect.DelegatingConstructorAccessorImpl.newInstance(DelegatingConstructorAccessorImpl.java:45)
	at java.base/java.lang.reflect.Constructor.newInstanceWithCaller(Constructor.java:499)
	at java.base/java.lang.reflect.Constructor.newInstance(Constructor.java:480)
	at io.cucumber.core.backend.DefaultObjectFactory.cacheNewInstance(DefaultObjectFactory.java:53)
	... 45 more
Caused by: java.lang.NullPointerException: inStream parameter is null
	at java.base/java.util.Objects.requireNonNull(Objects.java:233)
	at java.base/java.util.Properties.load(Properties.java:407)
	at Utility.RegisterUtility.registerData(RegisterUtility.java:33)
	at Utility.RegisterUtility.<init>(RegisterUtility.java:18)
	at Definitions.AboutUsStepDef.<init>(AboutUsStepDef.java:13)
	... 51 more
</textarea>
		</li>
		<li test-id='5' class='node when Skip' status='Skip'>
			<div class="step-name" title="(Definitions.AboutUsStepDef.user_goes_to_about_us_and_clicks_we_are_hiring())"><span class='status skip' title='Skip'><i class='material-icons'>redo</i></span>When User goes to about us and clicks We are hiring</div>


					<div class="node-step">Step skipped</div>
		</li>
		<li test-id='6' class='node then Skip' status='Skip'>
			<div class="step-name" title="(Definitions.AboutUsStepDef.user_should_be_able_to_see_the_we_are_hiring_page())"><span class='status skip' title='Skip'><i class='material-icons'>redo</i></span>Then User should be able to see the we are hiring page</div>


					<div class="node-step">Step skipped</div>
		</li>
		<li test-id='7' class='node when Skip' status='Skip'>
			<div class="step-name" title="(Definitions.AboutUsStepDef.user_clicks_refer_and_earn())"><span class='status skip' title='Skip'><i class='material-icons'>redo</i></span>When User clicks Refer and Earn</div>


					<div class="node-step">Step skipped</div>
		</li>
		<li test-id='8' class='node then Skip' status='Skip'>
			<div class="step-name" title="(Definitions.AboutUsStepDef.user_should_be_able_to_see_the_refer_and_earn_page())"><span class='status skip' title='Skip'><i class='material-icons'>redo</i></span>Then User should be able to see the Refer and Earn page</div>


					<div class="node-step">Step skipped</div>
		</li>
		<li test-id='9' class='node when Skip' status='Skip'>
			<div class="step-name" title="(Definitions.AboutUsStepDef.user_clicks_about_us())"><span class='status skip' title='Skip'><i class='material-icons'>redo</i></span>When User clicks About us</div>


					<div class="node-step">Step skipped</div>
		</li>
		<li test-id='10' class='node then Skip' status='Skip'>
			<div class="step-name" title="(Definitions.AboutUsStepDef.user_should_be_able_to_see_the_about_us_page())"><span class='status skip' title='Skip'><i class='material-icons'>redo</i></span>Then User should be able to see the About us page</div>


					<div class="node-step">Step skipped</div>
		</li>
		<li test-id='11' class='node when Skip' status='Skip'>
			<div class="step-name" title="(Definitions.AboutUsStepDef.user_clicks_lenskart_coupons())"><span class='status skip' title='Skip'><i class='material-icons'>redo</i></span>When User clicks lenskart coupons</div>


					<div class="node-step">Step skipped</div>
		</li>
		<li test-id='12' class='node then Skip' status='Skip'>
			<div class="step-name" title="(Definitions.AboutUsStepDef.user_should_be_able_to_see_the_lenskart_coupons_page())"><span class='status skip' title='Skip'><i class='material-icons'>redo</i></span>Then User should be able to see the lenskart coupons page</div>


					<div class="node-step">Step skipped</div>
		</li>
	</ul>
</div>
					</div>
				</li>
				<li class='test displayed active has-leaf fail' status='fail' bdd='true' test-id='14'>
					<div class='test-heading'>
						<span class='test-name'>Buy an item in lenskart application</span>
						<span class='test-time'>Nov 21, 2023 12:08:29 PM</span>
						<span class='test-status right fail'>Fail</span>
					</div>
					<div class='test-content hide'>
<div class="sr-filters bdd-filters">
	<a class="btn-floating waves-effect waves-light pass green" title="pass"><i class='material-icons'>check_circle</i></a>
	<a class="btn-floating waves-effect waves-light fail red" title="fail"><i class='material-icons'>cancel</i></a>
	<a class="btn-floating waves-effect waves-light skip blue" title="skip"><i class='material-icons'>redo</i></a>
	<a class="btn-floating waves-effect waves-light clear grey" title="clear"><i class='material-icons'>clear</i></a>
</div>

<div class='scenario node' test-id='15' status='fail'>

	<span class='duration right label'>00 00 00.008</span>
	<div class="bdd-test">
		<div class="scenario-name"><span class='status fail' title='Fail'><i class='material-icons'>cancel</i></span> Scenario: Buying a computerglass item</div>
	</div>
	
	
		<div class='category-list'>
				<span class='category label'>@ComputerGlassesCategory</span>
		</div>
	
	<ul class='steps'>
		<li test-id='17' class='node given Fail' status='Fail'>
			<div class="step-name" title="(Definitions.ComputerGlassStepDef.user_goes_to_the_lenskart_webpage())"><span class='status fail' title='Fail'><i class='material-icons'>cancel</i></span>Given User goes to the lenskart webpage</div>


					<textarea disabled class="code-block">io.cucumber.core.exception.CucumberException: Failed to instantiate class Definitions.ComputerGlassStepDef
	at io.cucumber.core.backend.DefaultObjectFactory.cacheNewInstance(DefaultObjectFactory.java:67)
	at io.cucumber.core.backend.DefaultObjectFactory.getInstance(DefaultObjectFactory.java:45)
	at io.cucumber.java.AbstractGlueDefinition.invokeMethod(AbstractGlueDefinition.java:47)
	at io.cucumber.java.JavaStepDefinition.execute(JavaStepDefinition.java:29)
	at io.cucumber.core.runner.CoreStepDefinition.execute(CoreStepDefinition.java:66)
	at io.cucumber.core.runner.PickleStepDefinitionMatch.runStep(PickleStepDefinitionMatch.java:63)
	at io.cucumber.core.runner.ExecutionMode$1.execute(ExecutionMode.java:10)
	at io.cucumber.core.runner.TestStep.executeStep(TestStep.java:84)
	at io.cucumber.core.runner.TestStep.run(TestStep.java:56)
	at io.cucumber.core.runner.PickleStepTestStep.run(PickleStepTestStep.java:51)
	at io.cucumber.core.runner.TestCase.run(TestCase.java:84)
	at io.cucumber.core.runner.Runner.runPickle(Runner.java:75)
	at io.cucumber.junit.PickleRunners$NoStepDescriptions.lambda$run$0(PickleRunners.java:151)
	at io.cucumber.core.runtime.CucumberExecutionContext.lambda$runTestCase$5(CucumberExecutionContext.java:137)
	at io.cucumber.core.runtime.RethrowingThrowableCollector.executeAndThrow(RethrowingThrowableCollector.java:23)
	at io.cucumber.core.runtime.CucumberExecutionContext.runTestCase(CucumberExecutionContext.java:137)
	at io.cucumber.junit.PickleRunners$NoStepDescriptions.run(PickleRunners.java:148)
	at io.cucumber.junit.FeatureRunner.runChild(FeatureRunner.java:144)
	at io.cucumber.junit.FeatureRunner.runChild(FeatureRunner.java:28)
	at org.junit.runners.ParentRunner$4.run(ParentRunner.java:331)
	at org.junit.runners.ParentRunner$1.schedule(ParentRunner.java:79)
	at org.junit.runners.ParentRunner.runChildren(ParentRunner.java:329)
	at org.junit.runners.ParentRunner.access$100(ParentRunner.java:66)
	at org.junit.runners.ParentRunner$2.evaluate(ParentRunner.java:293)
	at org.junit.runners.ParentRunner$3.evaluate(ParentRunner.java:306)
	at org.junit.runners.ParentRunner.run(ParentRunner.java:413)
	at io.cucumber.junit.FeatureRunner.run(FeatureRunner.java:137)
	at io.cucumber.junit.Cucumber.runChild(Cucumber.java:196)
	at io.cucumber.junit.Cucumber.runChild(Cucumber.java:89)
	at org.junit.runners.ParentRunner$4.run(ParentRunner.java:331)
	at org.junit.runners.ParentRunner$1.schedule(ParentRunner.java:79)
	at org.junit.runners.ParentRunner.runChildren(ParentRunner.java:329)
	at org.junit.runners.ParentRunner.access$100(ParentRunner.java:66)
	at org.junit.runners.ParentRunner$2.evaluate(ParentRunner.java:293)
	at io.cucumber.core.runtime.CucumberExecutionContext.lambda$runFeatures$6(CucumberExecutionContext.java:148)
	at io.cucumber.core.runtime.CucumberExecutionContext.execute(CucumberExecutionContext.java:163)
	at io.cucumber.core.runtime.CucumberExecutionContext.runFeatures(CucumberExecutionContext.java:146)
	at io.cucumber.junit.Cucumber$StartAndFinishTestRun.evaluate(Cucumber.java:226)
	at org.junit.runners.ParentRunner$3.evaluate(ParentRunner.java:306)
	at org.junit.runners.ParentRunner.run(ParentRunner.java:413)
	at org.eclipse.jdt.internal.junit4.runner.JUnit4TestReference.run(JUnit4TestReference.java:93)
	at org.eclipse.jdt.internal.junit.runner.TestExecution.run(TestExecution.java:40)
	at org.eclipse.jdt.internal.junit.runner.RemoteTestRunner.runTests(RemoteTestRunner.java:529)
	at org.eclipse.jdt.internal.junit.runner.RemoteTestRunner.runTests(RemoteTestRunner.java:756)
	at org.eclipse.jdt.internal.junit.runner.RemoteTestRunner.run(RemoteTestRunner.java:452)
	at org.eclipse.jdt.internal.junit.runner.RemoteTestRunner.main(RemoteTestRunner.java:210)
Caused by: java.lang.reflect.InvocationTargetException
	at java.base/jdk.internal.reflect.NativeConstructorAccessorImpl.newInstance0(Native Method)
	at java.base/jdk.internal.reflect.NativeConstructorAccessorImpl.newInstance(NativeConstructorAccessorImpl.java:77)
	at java.base/jdk.internal.reflect.DelegatingConstructorAccessorImpl.newInstance(DelegatingConstructorAccessorImpl.java:45)
	at java.base/java.lang.reflect.Constructor.newInstanceWithCaller(Constructor.java:499)
	at java.base/java.lang.reflect.Constructor.newInstance(Constructor.java:480)
	at io.cucumber.core.backend.DefaultObjectFactory.cacheNewInstance(DefaultObjectFactory.java:53)
	... 45 more
Caused by: java.lang.NullPointerException: inStream parameter is null
	at java.base/java.util.Objects.requireNonNull(Objects.java:233)
	at java.base/java.util.Properties.load(Properties.java:407)
	at Utility.RegisterUtility.registerData(RegisterUtility.java:33)
	at Utility.RegisterUtility.<init>(RegisterUtility.java:18)
	at Definitions.ComputerGlassStepDef.<init>(ComputerGlassStepDef.java:15)
	... 51 more
</textarea>
		</li>
		<li test-id='18' class='node when Skip' status='Skip'>
			<div class="step-name" title="(Definitions.ComputerGlassStepDef.user_clicks_the_computerglasses())"><span class='status skip' title='Skip'><i class='material-icons'>redo</i></span>When User clicks the computerglasses</div>


					<div class="node-step">Step skipped</div>
		</li>
		<li test-id='19' class='node and Skip' status='Skip'>
			<div class="step-name" title="(Definitions.ComputerGlassStepDef.user_clicks_sortby())"><span class='status skip' title='Skip'><i class='material-icons'>redo</i></span>And User clicks sortby</div>


					<div class="node-step">Step skipped</div>
		</li>
		<li test-id='20' class='node and Skip' status='Skip'>
			<div class="step-name" title="(Definitions.ComputerGlassStepDef.user_clicks_the_product())"><span class='status skip' title='Skip'><i class='material-icons'>redo</i></span>And User clicks the product</div>


					<div class="node-step">Step skipped</div>
		</li>
		<li test-id='21' class='node and Skip' status='Skip'>
			<div class="step-name" title="(Definitions.ComputerGlassStepDef.user_clicks_the_buy_now())"><span class='status skip' title='Skip'><i class='material-icons'>redo</i></span>And User clicks the buy now</div>


					<div class="node-step">Step skipped</div>
		</li>
		<li test-id='22' class='node then Skip' status='Skip'>
			<div class="step-name" title="(Definitions.ComputerGlassStepDef.user_should_be_able_to_buy_the_product_successfully())"><span class='status skip' title='Skip'><i class='material-icons'>redo</i></span>Then User should be able to buy the product successfully</div>


					<div class="node-step">Step skipped</div>
		</li>
		<li test-id='23' class='node when Skip' status='Skip'>
			<div class="step-name" title="(Definitions.ComputerGlassStepDef.user_clicks_the_remove())"><span class='status skip' title='Skip'><i class='material-icons'>redo</i></span>When User clicks the remove</div>


					<div class="node-step">Step skipped</div>
		</li>
		<li test-id='24' class='node and Skip' status='Skip'>
			<div class="step-name" title="(Definitions.ComputerGlassStepDef.user_clicks_yes_remove())"><span class='status skip' title='Skip'><i class='material-icons'>redo</i></span>And User clicks yes,remove</div>


					<div class="node-step">Step skipped</div>
		</li>
		<li test-id='25' class='node then Skip' status='Skip'>
			<div class="step-name" title="(Definitions.ComputerGlassStepDef.user_should_be_able_to_see_the_cart_is_empty())"><span class='status skip' title='Skip'><i class='material-icons'>redo</i></span>Then User should be able to see the cart is empty</div>


					<div class="node-step">Step skipped</div>
		</li>
	</ul>
</div>
					</div>
				</li>
				<li class='test displayed active has-leaf fail' status='fail' bdd='true' test-id='27'>
					<div class='test-heading'>
						<span class='test-name'>feature of lenskart</span>
						<span class='test-time'>Nov 21, 2023 12:08:29 PM</span>
						<span class='test-status right fail'>Fail</span>
					</div>
					<div class='test-content hide'>
<div class="sr-filters bdd-filters">
	<a class="btn-floating waves-effect waves-light pass green" title="pass"><i class='material-icons'>check_circle</i></a>
	<a class="btn-floating waves-effect waves-light fail red" title="fail"><i class='material-icons'>cancel</i></a>
	<a class="btn-floating waves-effect waves-light skip blue" title="skip"><i class='material-icons'>redo</i></a>
	<a class="btn-floating waves-effect waves-light clear grey" title="clear"><i class='material-icons'>clear</i></a>
</div>

<div class='scenario node' test-id='28' status='fail'>

	<span class='duration right label'>00 00 24.430</span>
	<div class="bdd-test">
		<div class="scenario-name"><span class='status fail' title='Fail'><i class='material-icons'>cancel</i></span> Scenario: checking the eyeglasses category of lenskart</div>
	</div>
	
	
		<div class='category-list'>
				<span class='category label'>@EyeGlassescategory</span>
		</div>
	
	<ul class='steps'>
		<li test-id='30' class='node given Pass' status='Pass'>
			<div class="step-name" title="(Definitions.EyeGlassesDef.user_opens_the_lenskart_webpage())"><span class='status pass' title='Pass'><i class='material-icons'>check_circle</i></span>Given User opens the lenskart webpage</div>


		</li>
		<li test-id='31' class='node when Pass' status='Pass'>
			<div class="step-name" title="(Definitions.EyeGlassesDef.user_clicks_the_eyeglasses())"><span class='status pass' title='Pass'><i class='material-icons'>check_circle</i></span>When User clicks the eyeglasses</div>


		</li>
		<li test-id='32' class='node and Pass' status='Pass'>
			<div class="step-name" title="(Definitions.EyeGlassesDef.user_sorts_the_product_by_price_high_to_low())"><span class='status pass' title='Pass'><i class='material-icons'>check_circle</i></span>And User sorts the product by price:high to low</div>


		</li>
		<li test-id='33' class='node and Pass' status='Pass'>
			<div class="step-name" title="(Definitions.EyeGlassesDef.filter_the_frame_type_by_full_rim())"><span class='status pass' title='Pass'><i class='material-icons'>check_circle</i></span>And Filter the frame type by full rim</div>


		</li>
		<li test-id='34' class='node and Pass' status='Pass'>
			<div class="step-name" title="(Definitions.EyeGlassesDef.filter_the_frame_shape_by_aviator())"><span class='status pass' title='Pass'><i class='material-icons'>check_circle</i></span>And Filter the frame shape by aviator</div>


		</li>
		<li test-id='35' class='node and Pass' status='Pass'>
			<div class="step-name" title="(Definitions.EyeGlassesDef.user_add_the_product_to_the_wishlist())"><span class='status pass' title='Pass'><i class='material-icons'>check_circle</i></span>And User add the product to the wishlist</div>


		</li>
		<li test-id='36' class='node and Pass' status='Pass'>
			<div class="step-name" title="(Definitions.EyeGlassesDef.user_clicking_the_wishlist_option())"><span class='status pass' title='Pass'><i class='material-icons'>check_circle</i></span>And user clicking the wishlist option</div>


		</li>
		<li test-id='37' class='node and Fail' status='Fail'>
			<div class="step-name" title="(Definitions.EyeGlassesDef.user_clicking_the_product_in_the_wishlist())"><span class='status fail' title='Fail'><i class='material-icons'>cancel</i></span>And user clicking the product in the wishlist</div>


					<textarea disabled class="code-block">org.openqa.selenium.ElementClickInterceptedException: element click intercepted: Element is not clickable at point (909, 932)
  (Session info: MicrosoftEdge=119.0.2151.72)
Build info: version: '4.14.1', revision: '03f8ede370'
System info: os.name: 'Windows 10', os.arch: 'amd64', os.version: '10.0', java.version: '17.0.8'
Driver info: org.openqa.selenium.edge.EdgeDriver
Command: [b79055fcc34f6ac6269fc2fc4e06377f, clickElement {id=D3D64F443B1BC54C4C7F9D068681B7E5_element_397}]
Capabilities {acceptInsecureCerts: false, browserName: msedge, browserVersion: 119.0.2151.72, fedcm:accounts: true, ms:edgeOptions: {debuggerAddress: localhost:60935}, msedge: {msedgedriverVersion: 119.0.2151.72 (e8225cce8e47..., userDataDir: C:\Users\OSARAV~1\AppData\L...}, networkConnectionEnabled: false, pageLoadStrategy: normal, platformName: windows, proxy: Proxy(), se:cdp: ws://localhost:60935/devtoo..., se:cdpVersion: 119.0.2151.72, setWindowRect: true, strictFileInteractability: false, timeouts: {implicit: 0, pageLoad: 300000, script: 30000}, unhandledPromptBehavior: dismiss and notify, webauthn:extension:credBlob: true, webauthn:extension:largeBlob: true, webauthn:extension:minPinLength: true, webauthn:extension:prf: true, webauthn:virtualAuthenticators: true}
Element: [[EdgeDriver: msedge on windows (b79055fcc34f6ac6269fc2fc4e06377f)] -> xpath: //div[@class='ItemContainer--zw71mv ikRDxY']]
Session ID: b79055fcc34f6ac6269fc2fc4e06377f
	at java.base/jdk.internal.reflect.NativeConstructorAccessorImpl.newInstance0(Native Method)
	at java.base/jdk.internal.reflect.NativeConstructorAccessorImpl.newInstance(NativeConstructorAccessorImpl.java:77)
	at java.base/jdk.internal.reflect.DelegatingConstructorAccessorImpl.newInstance(DelegatingConstructorAccessorImpl.java:45)
	at java.base/java.lang.reflect.Constructor.newInstanceWithCaller(Constructor.java:499)
	at java.base/java.lang.reflect.Constructor.newInstance(Constructor.java:480)
	at org.openqa.selenium.remote.codec.w3c.W3CHttpResponseCodec.createException(W3CHttpResponseCodec.java:200)
	at org.openqa.selenium.remote.codec.w3c.W3CHttpResponseCodec.decode(W3CHttpResponseCodec.java:133)
	at org.openqa.selenium.remote.codec.w3c.W3CHttpResponseCodec.decode(W3CHttpResponseCodec.java:52)
	at org.openqa.selenium.remote.HttpCommandExecutor.execute(HttpCommandExecutor.java:191)
	at org.openqa.selenium.remote.service.DriverCommandExecutor.invokeExecute(DriverCommandExecutor.java:200)
	at org.openqa.selenium.remote.service.DriverCommandExecutor.execute(DriverCommandExecutor.java:175)
	at org.openqa.selenium.remote.RemoteWebDriver.execute(RemoteWebDriver.java:602)
	at org.openqa.selenium.remote.RemoteWebElement.execute(RemoteWebElement.java:224)
	at org.openqa.selenium.remote.RemoteWebElement.click(RemoteWebElement.java:77)
	at java.base/jdk.internal.reflect.NativeMethodAccessorImpl.invoke0(Native Method)
	at java.base/jdk.internal.reflect.NativeMethodAccessorImpl.invoke(NativeMethodAccessorImpl.java:77)
	at java.base/jdk.internal.reflect.DelegatingMethodAccessorImpl.invoke(DelegatingMethodAccessorImpl.java:43)
	at java.base/java.lang.reflect.Method.invoke(Method.java:568)
	at org.openqa.selenium.support.pagefactory.internal.LocatingElementHandler.invoke(LocatingElementHandler.java:51)
	at jdk.proxy2/jdk.proxy2.$Proxy35.click(Unknown Source)
	at Actions.EyeGlassesAct.ClickProduct(EyeGlassesAct.java:51)
	at Definitions.EyeGlassesDef.user_clicking_the_product_in_the_wishlist(EyeGlassesDef.java:73)
	at ✽.user clicking the product in the wishlist(file:///C:/Users/osaravanakarthikeyan/TestDreamers_Lenskart/src/test/resources/Feature/EyeGlasses.feature:13)
</textarea>
		</li>
		<li test-id='38' class='node and Skip' status='Skip'>
			<div class="step-name" title="(Definitions.EyeGlassesDef.user_clicking_buy_now_option())"><span class='status skip' title='Skip'><i class='material-icons'>redo</i></span>And user clicking buy now option</div>


					<div class="node-step">Step skipped</div>
		</li>
		<li test-id='39' class='node then Skip' status='Skip'>
			<div class="step-name" title="(Definitions.EyeGlassesDef.asserting_the_total_payable())"><span class='status skip' title='Skip'><i class='material-icons'>redo</i></span>Then Asserting the Total payable</div>


					<div class="node-step">Step skipped</div>
		</li>
	</ul>
</div>
					</div>
				</li>
				<li class='test displayed active has-leaf fail' status='fail' bdd='true' test-id='41'>
					<div class='test-heading'>
						<span class='test-name'>Follow page</span>
						<span class='test-time'>Nov 21, 2023 12:08:54 PM</span>
						<span class='test-status right fail'>Fail</span>
					</div>
					<div class='test-content hide'>
<div class="sr-filters bdd-filters">
	<a class="btn-floating waves-effect waves-light pass green" title="pass"><i class='material-icons'>check_circle</i></a>
	<a class="btn-floating waves-effect waves-light fail red" title="fail"><i class='material-icons'>cancel</i></a>
	<a class="btn-floating waves-effect waves-light skip blue" title="skip"><i class='material-icons'>redo</i></a>
	<a class="btn-floating waves-effect waves-light clear grey" title="clear"><i class='material-icons'>clear</i></a>
</div>

<div class='scenario node' test-id='42' status='fail'>

	<span class='duration right label'>00 00 03.941</span>
	<div class="bdd-test">
		<div class="scenario-name"><span class='status fail' title='Fail'><i class='material-icons'>cancel</i></span> Scenario: To follow on facebook</div>
	</div>
	
	
	
	<ul class='steps'>
		<li test-id='44' class='node given Pass' status='Pass'>
			<div class="step-name" title="(Definitions.FollowDef.home_page_of_lenskart())"><span class='status pass' title='Pass'><i class='material-icons'>check_circle</i></span>Given Home page of Lenskart</div>


		</li>
		<li test-id='45' class='node when Pass' status='Pass'>
			<div class="step-name" title="(Definitions.FollowDef.scroll_down())"><span class='status pass' title='Pass'><i class='material-icons'>check_circle</i></span>When Scroll Down</div>


		</li>
		<li test-id='46' class='node and Fail' status='Fail'>
			<div class="step-name" title="(Definitions.FollowDef.click_on_face_book())"><span class='status fail' title='Fail'><i class='material-icons'>cancel</i></span>And Click on FaceBook</div>


					<textarea disabled class="code-block">java.lang.NullPointerException: Cannot invoke "org.openqa.selenium.WebElement.click()" because "this.follow.facebook" is null
	at Actions.KidsAct.fb(KidsAct.java:42)
	at Definitions.FollowDef.click_on_face_book(FollowDef.java:25)
	at ✽.Click on FaceBook(file:///C:/Users/osaravanakarthikeyan/TestDreamers_Lenskart/src/test/resources/Feature/FollowUs.feature:6)
</textarea>
		</li>
		<li test-id='47' class='node then Skip' status='Skip'>
			<div class="step-name" title="(Definitions.FollowDef.goes_to_facebook_page())"><span class='status skip' title='Skip'><i class='material-icons'>redo</i></span>Then Goes to Facebook page</div>


					<div class="node-step">Step skipped</div>
		</li>
	</ul>
</div>
					</div>
				</li>
				<li class='test displayed active has-leaf pass' status='pass' bdd='true' test-id='49'>
					<div class='test-heading'>
						<span class='test-name'>Kids Category</span>
						<span class='test-time'>Nov 21, 2023 12:08:58 PM</span>
						<span class='test-status right pass'>Pass</span>
					</div>
					<div class='test-content hide'>
<div class="sr-filters bdd-filters">
	<a class="btn-floating waves-effect waves-light pass green" title="pass"><i class='material-icons'>check_circle</i></a>
	<a class="btn-floating waves-effect waves-light fail red" title="fail"><i class='material-icons'>cancel</i></a>
	<a class="btn-floating waves-effect waves-light skip blue" title="skip"><i class='material-icons'>redo</i></a>
	<a class="btn-floating waves-effect waves-light clear grey" title="clear"><i class='material-icons'>clear</i></a>
</div>

<div class='scenario node' test-id='50' status='pass'>

	<span class='duration right label'>00 00 12.131</span>
	<div class="bdd-test">
		<div class="scenario-name"><span class='status pass' title='Pass'><i class='material-icons'>check_circle</i></span> Scenario: To search for kids sunglasses</div>
	</div>
	
	
	
	<ul class='steps'>
		<li test-id='52' class='node given Pass' status='Pass'>
			<div class="step-name" title="(Definitions.KidsDef.go_to_url_of_lenskart())"><span class='status pass' title='Pass'><i class='material-icons'>check_circle</i></span>Given Go to Url of Lenskart</div>


		</li>
		<li test-id='53' class='node when Pass' status='Pass'>
			<div class="step-name" title="(Definitions.KidsDef.click_on_kids_glasses())"><span class='status pass' title='Pass'><i class='material-icons'>check_circle</i></span>When Click on Kids Glasses</div>


		</li>
		<li test-id='54' class='node and Pass' status='Pass'>
			<div class="step-name" title="(Definitions.KidsDef.go_to_sunglasses())"><span class='status pass' title='Pass'><i class='material-icons'>check_circle</i></span>And Go to sunglasses</div>


		</li>
		<li test-id='55' class='node then Pass' status='Pass'>
			<div class="step-name" title="(Definitions.KidsDef.click_on_first_one())"><span class='status pass' title='Pass'><i class='material-icons'>check_circle</i></span>Then click on first one</div>


		</li>
	</ul>
</div>
					</div>
				</li>
				<li class='test displayed active has-leaf fail' status='fail' bdd='true' test-id='57'>
					<div class='test-heading'>
						<span class='test-name'>Login page</span>
						<span class='test-time'>Nov 21, 2023 12:09:10 PM</span>
						<span class='test-status right fail'>Fail</span>
					</div>
					<div class='test-content hide'>
<div class="sr-filters bdd-filters">
	<a class="btn-floating waves-effect waves-light pass green" title="pass"><i class='material-icons'>check_circle</i></a>
	<a class="btn-floating waves-effect waves-light fail red" title="fail"><i class='material-icons'>cancel</i></a>
	<a class="btn-floating waves-effect waves-light skip blue" title="skip"><i class='material-icons'>redo</i></a>
	<a class="btn-floating waves-effect waves-light clear grey" title="clear"><i class='material-icons'>clear</i></a>
</div>

<div class='scenario node' test-id='58' status='fail'>

	<span class='duration right label'>00 00 10.098</span>
	<div class="bdd-test">
		<div class="scenario-name"><span class='status fail' title='Fail'><i class='material-icons'>cancel</i></span> Scenario: Checking credentials on Login</div>
	</div>
	
	
		<div class='category-list'>
				<span class='category label'>@ValidCredentials</span>
		</div>
	
	<ul class='steps'>
		<li test-id='60' class='node given Pass' status='Pass'>
			<div class="step-name" title="(Definitions.LoginDef.login_page_url_of_lenskart())"><span class='status pass' title='Pass'><i class='material-icons'>check_circle</i></span>Given Login page URL of Lenskart</div>


		</li>
		<li test-id='61' class='node when Pass' status='Pass'>
			<div class="step-name" title="(Definitions.LoginDef.user_enters_username(io.cucumber.datatable.DataTable))"><span class='status pass' title='Pass'><i class='material-icons'>check_circle</i></span>When User enters username</div>


					<div class="node-step"><table class='markup-table table '><tr><td>email</td></tr><tr><td>arpi.angya@gmail.com</td></tr></table></div>
		</li>
		<li test-id='62' class='node and Pass' status='Pass'>
			<div class="step-name" title="(Definitions.LoginDef.user_clicks_next())"><span class='status pass' title='Pass'><i class='material-icons'>check_circle</i></span>And user clicks next</div>


		</li>
		<li test-id='63' class='node and Pass' status='Pass'>
			<div class="step-name" title="(Definitions.LoginDef.user_enters_password(io.cucumber.datatable.DataTable))"><span class='status pass' title='Pass'><i class='material-icons'>check_circle</i></span>And User enters password</div>


					<div class="node-step"><table class='markup-table table '><tr><td>password</td></tr><tr><td>Sunflower123</td></tr></table></div>
		</li>
		<li test-id='64' class='node and Fail' status='Fail'>
			<div class="step-name" title="(Definitions.LoginDef.user_clicks_login())"><span class='status fail' title='Fail'><i class='material-icons'>cancel</i></span>And User clicks login and goes to home</div>


					<textarea disabled class="code-block">org.openqa.selenium.NoAlertPresentException: no such alert
  (Session info: MicrosoftEdge=119.0.2151.72)
Build info: version: '4.14.1', revision: '03f8ede370'
System info: os.name: 'Windows 10', os.arch: 'amd64', os.version: '10.0', java.version: '17.0.8'
Driver info: org.openqa.selenium.edge.EdgeDriver
Command: [b79055fcc34f6ac6269fc2fc4e06377f, getAlertText {}]
Capabilities {acceptInsecureCerts: false, browserName: msedge, browserVersion: 119.0.2151.72, fedcm:accounts: true, ms:edgeOptions: {debuggerAddress: localhost:60935}, msedge: {msedgedriverVersion: 119.0.2151.72 (e8225cce8e47..., userDataDir: C:\Users\OSARAV~1\AppData\L...}, networkConnectionEnabled: false, pageLoadStrategy: normal, platformName: windows, proxy: Proxy(), se:cdp: ws://localhost:60935/devtoo..., se:cdpVersion: 119.0.2151.72, setWindowRect: true, strictFileInteractability: false, timeouts: {implicit: 0, pageLoad: 300000, script: 30000}, unhandledPromptBehavior: dismiss and notify, webauthn:extension:credBlob: true, webauthn:extension:largeBlob: true, webauthn:extension:minPinLength: true, webauthn:extension:prf: true, webauthn:virtualAuthenticators: true}
Session ID: b79055fcc34f6ac6269fc2fc4e06377f
	at java.base/jdk.internal.reflect.NativeConstructorAccessorImpl.newInstance0(Native Method)
	at java.base/jdk.internal.reflect.NativeConstructorAccessorImpl.newInstance(NativeConstructorAccessorImpl.java:77)
	at java.base/jdk.internal.reflect.DelegatingConstructorAccessorImpl.newInstance(DelegatingConstructorAccessorImpl.java:45)
	at java.base/java.lang.reflect.Constructor.newInstanceWithCaller(Constructor.java:499)
	at java.base/java.lang.reflect.Constructor.newInstance(Constructor.java:480)
	at org.openqa.selenium.remote.codec.w3c.W3CHttpResponseCodec.createException(W3CHttpResponseCodec.java:200)
	at org.openqa.selenium.remote.codec.w3c.W3CHttpResponseCodec.decode(W3CHttpResponseCodec.java:133)
	at org.openqa.selenium.remote.codec.w3c.W3CHttpResponseCodec.decode(W3CHttpResponseCodec.java:52)
	at org.openqa.selenium.remote.HttpCommandExecutor.execute(HttpCommandExecutor.java:191)
	at org.openqa.selenium.remote.service.DriverCommandExecutor.invokeExecute(DriverCommandExecutor.java:200)
	at org.openqa.selenium.remote.service.DriverCommandExecutor.execute(DriverCommandExecutor.java:175)
	at org.openqa.selenium.remote.RemoteWebDriver.execute(RemoteWebDriver.java:602)
	at org.openqa.selenium.remote.RemoteWebDriver.execute(RemoteWebDriver.java:675)
	at org.openqa.selenium.remote.RemoteWebDriver.execute(RemoteWebDriver.java:679)
	at org.openqa.selenium.remote.RemoteWebDriver$RemoteTargetLocator.alert(RemoteWebDriver.java:1202)
	at Actions.LoginPage.close(LoginPage.java:75)
	at Definitions.LoginDef.user_clicks_login(LoginDef.java:57)
	at ✽.User clicks login and goes to home(file:///C:/Users/osaravanakarthikeyan/TestDreamers_Lenskart/src/test/resources/Feature/Login.feature:18)
</textarea>
		</li>
		<li test-id='65' class='node then Skip' status='Skip'>
			<div class="step-name" title="(Definitions.LoginDef.user_will_login_or_fails())"><span class='status skip' title='Skip'><i class='material-icons'>redo</i></span>Then User will logout</div>


					<div class="node-step">Step skipped</div>
		</li>
	</ul>
</div>
					</div>
				</li>
				<li class='test displayed active has-leaf fail' status='fail' bdd='true' test-id='67'>
					<div class='test-heading'>
						<span class='test-name'>Register to Lenskart web application</span>
						<span class='test-time'>Nov 21, 2023 12:09:20 PM</span>
						<span class='test-status right fail'>Fail</span>
					</div>
					<div class='test-content hide'>
<div class="sr-filters bdd-filters">
	<a class="btn-floating waves-effect waves-light pass green" title="pass"><i class='material-icons'>check_circle</i></a>
	<a class="btn-floating waves-effect waves-light fail red" title="fail"><i class='material-icons'>cancel</i></a>
	<a class="btn-floating waves-effect waves-light skip blue" title="skip"><i class='material-icons'>redo</i></a>
	<a class="btn-floating waves-effect waves-light clear grey" title="clear"><i class='material-icons'>clear</i></a>
</div>

<div class='scenario node' test-id='68' status='fail'>

	<span class='duration right label'>00 00 00.004</span>
	<div class="bdd-test">
		<div class="scenario-name"><span class='status fail' title='Fail'><i class='material-icons'>cancel</i></span> Scenario: Registering the application with valid credentials</div>
	</div>
	
	
		<div class='category-list'>
				<span class='category label'>@RegisterPage</span>
		</div>
	
	<ul class='steps'>
		<li test-id='70' class='node given Fail' status='Fail'>
			<div class="step-name" title="(Definitions.RegisterStepDef.user_opens_the_lenskart_register_page())"><span class='status fail' title='Fail'><i class='material-icons'>cancel</i></span>Given User opens the Lenskart register page</div>


					<textarea disabled class="code-block">io.cucumber.core.exception.CucumberException: Failed to instantiate class Definitions.RegisterStepDef
	at io.cucumber.core.backend.DefaultObjectFactory.cacheNewInstance(DefaultObjectFactory.java:67)
	at io.cucumber.core.backend.DefaultObjectFactory.getInstance(DefaultObjectFactory.java:45)
	at io.cucumber.java.AbstractGlueDefinition.invokeMethod(AbstractGlueDefinition.java:47)
	at io.cucumber.java.JavaStepDefinition.execute(JavaStepDefinition.java:29)
	at io.cucumber.core.runner.CoreStepDefinition.execute(CoreStepDefinition.java:66)
	at io.cucumber.core.runner.PickleStepDefinitionMatch.runStep(PickleStepDefinitionMatch.java:63)
	at io.cucumber.core.runner.ExecutionMode$1.execute(ExecutionMode.java:10)
	at io.cucumber.core.runner.TestStep.executeStep(TestStep.java:84)
	at io.cucumber.core.runner.TestStep.run(TestStep.java:56)
	at io.cucumber.core.runner.PickleStepTestStep.run(PickleStepTestStep.java:51)
	at io.cucumber.core.runner.TestCase.run(TestCase.java:84)
	at io.cucumber.core.runner.Runner.runPickle(Runner.java:75)
	at io.cucumber.junit.PickleRunners$NoStepDescriptions.lambda$run$0(PickleRunners.java:151)
	at io.cucumber.core.runtime.CucumberExecutionContext.lambda$runTestCase$5(CucumberExecutionContext.java:137)
	at io.cucumber.core.runtime.RethrowingThrowableCollector.executeAndThrow(RethrowingThrowableCollector.java:23)
	at io.cucumber.core.runtime.CucumberExecutionContext.runTestCase(CucumberExecutionContext.java:137)
	at io.cucumber.junit.PickleRunners$NoStepDescriptions.run(PickleRunners.java:148)
	at io.cucumber.junit.FeatureRunner.runChild(FeatureRunner.java:144)
	at io.cucumber.junit.FeatureRunner.runChild(FeatureRunner.java:28)
	at org.junit.runners.ParentRunner$4.run(ParentRunner.java:331)
	at org.junit.runners.ParentRunner$1.schedule(ParentRunner.java:79)
	at org.junit.runners.ParentRunner.runChildren(ParentRunner.java:329)
	at org.junit.runners.ParentRunner.access$100(ParentRunner.java:66)
	at org.junit.runners.ParentRunner$2.evaluate(ParentRunner.java:293)
	at org.junit.runners.ParentRunner$3.evaluate(ParentRunner.java:306)
	at org.junit.runners.ParentRunner.run(ParentRunner.java:413)
	at io.cucumber.junit.FeatureRunner.run(FeatureRunner.java:137)
	at io.cucumber.junit.Cucumber.runChild(Cucumber.java:196)
	at io.cucumber.junit.Cucumber.runChild(Cucumber.java:89)
	at org.junit.runners.ParentRunner$4.run(ParentRunner.java:331)
	at org.junit.runners.ParentRunner$1.schedule(ParentRunner.java:79)
	at org.junit.runners.ParentRunner.runChildren(ParentRunner.java:329)
	at org.junit.runners.ParentRunner.access$100(ParentRunner.java:66)
	at org.junit.runners.ParentRunner$2.evaluate(ParentRunner.java:293)
	at io.cucumber.core.runtime.CucumberExecutionContext.lambda$runFeatures$6(CucumberExecutionContext.java:148)
	at io.cucumber.core.runtime.CucumberExecutionContext.execute(CucumberExecutionContext.java:163)
	at io.cucumber.core.runtime.CucumberExecutionContext.runFeatures(CucumberExecutionContext.java:146)
	at io.cucumber.junit.Cucumber$StartAndFinishTestRun.evaluate(Cucumber.java:226)
	at org.junit.runners.ParentRunner$3.evaluate(ParentRunner.java:306)
	at org.junit.runners.ParentRunner.run(ParentRunner.java:413)
	at org.eclipse.jdt.internal.junit4.runner.JUnit4TestReference.run(JUnit4TestReference.java:93)
	at org.eclipse.jdt.internal.junit.runner.TestExecution.run(TestExecution.java:40)
	at org.eclipse.jdt.internal.junit.runner.RemoteTestRunner.runTests(RemoteTestRunner.java:529)
	at org.eclipse.jdt.internal.junit.runner.RemoteTestRunner.runTests(RemoteTestRunner.java:756)
	at org.eclipse.jdt.internal.junit.runner.RemoteTestRunner.run(RemoteTestRunner.java:452)
	at org.eclipse.jdt.internal.junit.runner.RemoteTestRunner.main(RemoteTestRunner.java:210)
Caused by: java.lang.reflect.InvocationTargetException
	at java.base/jdk.internal.reflect.NativeConstructorAccessorImpl.newInstance0(Native Method)
	at java.base/jdk.internal.reflect.NativeConstructorAccessorImpl.newInstance(NativeConstructorAccessorImpl.java:77)
	at java.base/jdk.internal.reflect.DelegatingConstructorAccessorImpl.newInstance(DelegatingConstructorAccessorImpl.java:45)
	at java.base/java.lang.reflect.Constructor.newInstanceWithCaller(Constructor.java:499)
	at java.base/java.lang.reflect.Constructor.newInstance(Constructor.java:480)
	at io.cucumber.core.backend.DefaultObjectFactory.cacheNewInstance(DefaultObjectFactory.java:53)
	... 45 more
Caused by: java.lang.NullPointerException: inStream parameter is null
	at java.base/java.util.Objects.requireNonNull(Objects.java:233)
	at java.base/java.util.Properties.load(Properties.java:407)
	at Utility.RegisterUtility.registerData(RegisterUtility.java:33)
	at Utility.RegisterUtility.<init>(RegisterUtility.java:18)
	at Definitions.RegisterStepDef.<init>(RegisterStepDef.java:15)
	... 51 more
</textarea>
		</li>
		<li test-id='71' class='node when Skip' status='Skip'>
			<div class="step-name" title="(Definitions.RegisterStepDef.user_clicks_the_signup())"><span class='status skip' title='Skip'><i class='material-icons'>redo</i></span>When User clicks the signup</div>


					<div class="node-step">Step skipped</div>
		</li>
		<li test-id='72' class='node when Skip' status='Skip'>
			<div class="step-name" title="(Definitions.RegisterStepDef.user_enters_the_valid_credentials())"><span class='status skip' title='Skip'><i class='material-icons'>redo</i></span>When User enters the valid credentials</div>


					<div class="node-step">Step skipped</div>
		</li>
		<li test-id='73' class='node and Skip' status='Skip'>
			<div class="step-name" title="(Definitions.RegisterStepDef.user_clicks_the_create_account())"><span class='status skip' title='Skip'><i class='material-icons'>redo</i></span>And User clicks the createAccount</div>


					<div class="node-step">Step skipped</div>
		</li>
		<li test-id='74' class='node then Skip' status='Skip'>
			<div class="step-name" title="(Definitions.RegisterStepDef.user_should_be_able_to_register_successfully())"><span class='status skip' title='Skip'><i class='material-icons'>redo</i></span>Then User should be able to register successfully</div>


					<div class="node-step">Step skipped</div>
		</li>
	</ul>
</div>
					</div>
				</li>
				<li class='test displayed active has-leaf fail' status='fail' bdd='true' test-id='76'>
					<div class='test-heading'>
						<span class='test-name'>feature of lenskart</span>
						<span class='test-time'>Nov 21, 2023 12:09:20 PM</span>
						<span class='test-status right fail'>Fail</span>
					</div>
					<div class='test-content hide'>
<div class="sr-filters bdd-filters">
	<a class="btn-floating waves-effect waves-light pass green" title="pass"><i class='material-icons'>check_circle</i></a>
	<a class="btn-floating waves-effect waves-light fail red" title="fail"><i class='material-icons'>cancel</i></a>
	<a class="btn-floating waves-effect waves-light skip blue" title="skip"><i class='material-icons'>redo</i></a>
	<a class="btn-floating waves-effect waves-light clear grey" title="clear"><i class='material-icons'>clear</i></a>
</div>

<div class='scenario node' test-id='77' status='fail'>

	<span class='duration right label'>00 00 16.351</span>
	<div class="bdd-test">
		<div class="scenario-name"><span class='status fail' title='Fail'><i class='material-icons'>cancel</i></span> Scenario: Clicking the services option</div>
	</div>
	
	
		<div class='category-list'>
				<span class='category label'>@Wishlist</span>
		</div>
	
	<ul class='steps'>
		<li test-id='79' class='node given Pass' status='Pass'>
			<div class="step-name" title="(Definitions.ServicesDef.user_opens_the_lenskart_webpage_and_scroll_and_find_the_services())"><span class='status pass' title='Pass'><i class='material-icons'>check_circle</i></span>Given User opens the lenskart Webpage and scroll and find the services</div>


		</li>
		<li test-id='80' class='node when Pass' status='Pass'>
			<div class="step-name" title="(Definitions.ServicesDef.user_clicks_the_store_locator_option())"><span class='status pass' title='Pass'><i class='material-icons'>check_circle</i></span>When User clicks the store locator option</div>


		</li>
		<li test-id='81' class='node and Fail' status='Fail'>
			<div class="step-name" title="(Definitions.ServicesDef.user_clicks_the_search_option_and_giving_location())"><span class='status fail' title='Fail'><i class='material-icons'>cancel</i></span>And User clicks the search option and giving location</div>


					<textarea disabled class="code-block">org.openqa.selenium.NoSuchElementException: no such element: Unable to locate element: {"method":"xpath","selector":"//input[@placeholder='Search by state/pincode/Locality']"}
  (Session info: MicrosoftEdge=119.0.2151.72)
For documentation on this error, please visit: https://www.selenium.dev/documentation/webdriver/troubleshooting/errors#no-such-element-exception
Build info: version: '4.14.1', revision: '03f8ede370'
System info: os.name: 'Windows 10', os.arch: 'amd64', os.version: '10.0', java.version: '17.0.8'
Driver info: org.openqa.selenium.edge.EdgeDriver
Command: [b79055fcc34f6ac6269fc2fc4e06377f, findElement {using=xpath, value=//input[@placeholder='Search by state/pincode/Locality']}]
Capabilities {acceptInsecureCerts: false, browserName: msedge, browserVersion: 119.0.2151.72, fedcm:accounts: true, ms:edgeOptions: {debuggerAddress: localhost:60935}, msedge: {msedgedriverVersion: 119.0.2151.72 (e8225cce8e47..., userDataDir: C:\Users\OSARAV~1\AppData\L...}, networkConnectionEnabled: false, pageLoadStrategy: normal, platformName: windows, proxy: Proxy(), se:cdp: ws://localhost:60935/devtoo..., se:cdpVersion: 119.0.2151.72, setWindowRect: true, strictFileInteractability: false, timeouts: {implicit: 0, pageLoad: 300000, script: 30000}, unhandledPromptBehavior: dismiss and notify, webauthn:extension:credBlob: true, webauthn:extension:largeBlob: true, webauthn:extension:minPinLength: true, webauthn:extension:prf: true, webauthn:virtualAuthenticators: true}
Session ID: b79055fcc34f6ac6269fc2fc4e06377f
	at java.base/jdk.internal.reflect.NativeConstructorAccessorImpl.newInstance0(Native Method)
	at java.base/jdk.internal.reflect.NativeConstructorAccessorImpl.newInstance(NativeConstructorAccessorImpl.java:77)
	at java.base/jdk.internal.reflect.DelegatingConstructorAccessorImpl.newInstance(DelegatingConstructorAccessorImpl.java:45)
	at java.base/java.lang.reflect.Constructor.newInstanceWithCaller(Constructor.java:499)
	at java.base/java.lang.reflect.Constructor.newInstance(Constructor.java:480)
	at org.openqa.selenium.remote.codec.w3c.W3CHttpResponseCodec.createException(W3CHttpResponseCodec.java:200)
	at org.openqa.selenium.remote.codec.w3c.W3CHttpResponseCodec.decode(W3CHttpResponseCodec.java:133)
	at org.openqa.selenium.remote.codec.w3c.W3CHttpResponseCodec.decode(W3CHttpResponseCodec.java:52)
	at org.openqa.selenium.remote.HttpCommandExecutor.execute(HttpCommandExecutor.java:191)
	at org.openqa.selenium.remote.service.DriverCommandExecutor.invokeExecute(DriverCommandExecutor.java:200)
	at org.openqa.selenium.remote.service.DriverCommandExecutor.execute(DriverCommandExecutor.java:175)
	at org.openqa.selenium.remote.RemoteWebDriver.execute(RemoteWebDriver.java:602)
	at org.openqa.selenium.remote.ElementLocation$ElementFinder$2.findElement(ElementLocation.java:165)
	at org.openqa.selenium.remote.ElementLocation.findElement(ElementLocation.java:59)
	at org.openqa.selenium.remote.RemoteWebDriver.findElement(RemoteWebDriver.java:359)
	at org.openqa.selenium.remote.RemoteWebDriver.findElement(RemoteWebDriver.java:353)
	at org.openqa.selenium.support.pagefactory.DefaultElementLocator.findElement(DefaultElementLocator.java:68)
	at org.openqa.selenium.support.pagefactory.internal.LocatingElementHandler.invoke(LocatingElementHandler.java:38)
	at jdk.proxy2/jdk.proxy2.$Proxy35.click(Unknown Source)
	at Actions.ServicesAct.Search(ServicesAct.java:30)
	at Definitions.ServicesDef.user_clicks_the_search_option_and_giving_location(ServicesDef.java:32)
	at ✽.User clicks the search option and giving location(file:///C:/Users/osaravanakarthikeyan/TestDreamers_Lenskart/src/test/resources/Feature/Services.feature:7)
</textarea>
		</li>
		<li test-id='82' class='node and Skip' status='Skip'>
			<div class="step-name" title="(Definitions.ServicesDef.user_clicks_the_buying_guide_option())"><span class='status skip' title='Skip'><i class='material-icons'>redo</i></span>And User clicks the buying guide option</div>


					<div class="node-step">Step skipped</div>
		</li>
		<li test-id='83' class='node and Skip' status='Skip'>
			<div class="step-name" title="(Definitions.ServicesDef.asserting_the_buying_guide_page())"><span class='status skip' title='Skip'><i class='material-icons'>redo</i></span>And Asserting the Buying guide page</div>


					<div class="node-step">Step skipped</div>
		</li>
		<li test-id='84' class='node and Skip' status='Skip'>
			<div class="step-name" title="(Definitions.ServicesDef.user_clicks_the_frame_size_option())"><span class='status skip' title='Skip'><i class='material-icons'>redo</i></span>And User clicks the frame size option</div>


					<div class="node-step">Step skipped</div>
		</li>
		<li test-id='85' class='node and Skip' status='Skip'>
			<div class="step-name" title="(Definitions.ServicesDef.asserting_the_frame_size_page())"><span class='status skip' title='Skip'><i class='material-icons'>redo</i></span>And Asserting the frame size page</div>


					<div class="node-step">Step skipped</div>
		</li>
		<li test-id='86' class='node then Skip' status='Skip'>
			<div class="step-name" title="(Definitions.ServicesDef.asserting_the_feature())"><span class='status skip' title='Skip'><i class='material-icons'>redo</i></span>Then Asserting the feature</div>


					<div class="node-step">Step skipped</div>
		</li>
	</ul>
</div>
					</div>
				</li>
				<li class='test displayed active has-leaf pass' status='pass' bdd='true' test-id='88'>
					<div class='test-heading'>
						<span class='test-name'>feature of lenskart</span>
						<span class='test-time'>Nov 21, 2023 12:09:37 PM</span>
						<span class='test-status right pass'>Pass</span>
					</div>
					<div class='test-content hide'>
<div class="sr-filters bdd-filters">
	<a class="btn-floating waves-effect waves-light pass green" title="pass"><i class='material-icons'>check_circle</i></a>
	<a class="btn-floating waves-effect waves-light fail red" title="fail"><i class='material-icons'>cancel</i></a>
	<a class="btn-floating waves-effect waves-light skip blue" title="skip"><i class='material-icons'>redo</i></a>
	<a class="btn-floating waves-effect waves-light clear grey" title="clear"><i class='material-icons'>clear</i></a>
</div>

<div class='scenario node' test-id='89' status='pass'>

	<span class='duration right label'>00 00 23.391</span>
	<div class="bdd-test">
		<div class="scenario-name"><span class='status pass' title='Pass'><i class='material-icons'>check_circle</i></span> Scenario: Selecting and Buying Glasses</div>
	</div>
	
	
		<div class='category-list'>
				<span class='category label'>@Wishlist</span>
		</div>
	
	<ul class='steps'>
		<li test-id='91' class='node given Pass' status='Pass'>
			<div class="step-name" title="(Definitions.WishListDef.user_opens_the_lenskart_webpage())"><span class='status pass' title='Pass'><i class='material-icons'>check_circle</i></span>Given User opens the lenskart Webpage</div>


		</li>
		<li test-id='92' class='node when Pass' status='Pass'>
			<div class="step-name" title="(Definitions.WishListDef.user_clicks_the_eyeglasses_category())"><span class='status pass' title='Pass'><i class='material-icons'>check_circle</i></span>When User clicks the eyeglasses category</div>


		</li>
		<li test-id='93' class='node and Pass' status='Pass'>
			<div class="step-name" title="(Definitions.WishListDef.user_clicks_product())"><span class='status pass' title='Pass'><i class='material-icons'>check_circle</i></span>And User clicks product</div>


		</li>
		<li test-id='94' class='node and Pass' status='Pass'>
			<div class="step-name" title="(Definitions.WishListDef.user_adds_to_wish_list())"><span class='status pass' title='Pass'><i class='material-icons'>check_circle</i></span>And User adds to wish list</div>


		</li>
		<li test-id='95' class='node and Pass' status='Pass'>
			<div class="step-name" title="(Definitions.WishListDef.user_clicks_the_second_product())"><span class='status pass' title='Pass'><i class='material-icons'>check_circle</i></span>And User clicks the second product</div>


		</li>
		<li test-id='96' class='node and Pass' status='Pass'>
			<div class="step-name" title="(Definitions.WishListDef.user_adding_the_second_product_in_wishlist())"><span class='status pass' title='Pass'><i class='material-icons'>check_circle</i></span>And User adding the second product in wishlist</div>


		</li>
		<li test-id='97' class='node and Pass' status='Pass'>
			<div class="step-name" title="(Definitions.WishListDef.user_clears_the_wish_list())"><span class='status pass' title='Pass'><i class='material-icons'>check_circle</i></span>And User Clears the WishList</div>


		</li>
		<li test-id='98' class='node then Pass' status='Pass'>
			<div class="step-name" title="(Definitions.WishListDef.asserting_the_wish_list())"><span class='status pass' title='Pass'><i class='material-icons'>check_circle</i></span>Then Asserting the WishList</div>


		</li>
	</ul>
</div>
					</div>
				</li>
				<li class='test displayed active has-leaf fail' status='fail' bdd='true' test-id='100'>
					<div class='test-heading'>
						<span class='test-name'>My account of lenskart</span>
						<span class='test-time'>Nov 21, 2023 12:10:00 PM</span>
						<span class='test-status right fail'>Fail</span>
					</div>
					<div class='test-content hide'>
<div class="sr-filters bdd-filters">
	<a class="btn-floating waves-effect waves-light pass green" title="pass"><i class='material-icons'>check_circle</i></a>
	<a class="btn-floating waves-effect waves-light fail red" title="fail"><i class='material-icons'>cancel</i></a>
	<a class="btn-floating waves-effect waves-light skip blue" title="skip"><i class='material-icons'>redo</i></a>
	<a class="btn-floating waves-effect waves-light clear grey" title="clear"><i class='material-icons'>clear</i></a>
</div>

<div class='scenario node' test-id='101' status='fail'>

	<span class='duration right label'>00 00 37.015</span>
	<div class="bdd-test">
		<div class="scenario-name"><span class='status fail' title='Fail'><i class='material-icons'>cancel</i></span> Scenario: Checking the MyAccount of lenskart</div>
	</div>
	
	
		<div class='category-list'>
				<span class='category label'>@MyAccount</span>
		</div>
	
	<ul class='steps'>
		<li test-id='103' class='node given Fail' status='Fail'>
			<div class="step-name" title="(Definitions.AccountDefinitions.launching_the_lenskart_webpage())"><span class='status fail' title='Fail'><i class='material-icons'>cancel</i></span>Given Launching the lenskart webpage</div>


					<textarea disabled class="code-block">org.openqa.selenium.NoSuchElementException: no such element: Unable to locate element: {"method":"css selector","selector":"#wzrk\-confirm"}
  (Session info: MicrosoftEdge=119.0.2151.72)
For documentation on this error, please visit: https://www.selenium.dev/documentation/webdriver/troubleshooting/errors#no-such-element-exception
Build info: version: '4.14.1', revision: '03f8ede370'
System info: os.name: 'Windows 10', os.arch: 'amd64', os.version: '10.0', java.version: '17.0.8'
Driver info: org.openqa.selenium.edge.EdgeDriver
Command: [b79055fcc34f6ac6269fc2fc4e06377f, findElement {using=id, value=wzrk-confirm}]
Capabilities {acceptInsecureCerts: false, browserName: msedge, browserVersion: 119.0.2151.72, fedcm:accounts: true, ms:edgeOptions: {debuggerAddress: localhost:60935}, msedge: {msedgedriverVersion: 119.0.2151.72 (e8225cce8e47..., userDataDir: C:\Users\OSARAV~1\AppData\L...}, networkConnectionEnabled: false, pageLoadStrategy: normal, platformName: windows, proxy: Proxy(), se:cdp: ws://localhost:60935/devtoo..., se:cdpVersion: 119.0.2151.72, setWindowRect: true, strictFileInteractability: false, timeouts: {implicit: 0, pageLoad: 300000, script: 30000}, unhandledPromptBehavior: dismiss and notify, webauthn:extension:credBlob: true, webauthn:extension:largeBlob: true, webauthn:extension:minPinLength: true, webauthn:extension:prf: true, webauthn:virtualAuthenticators: true}
Session ID: b79055fcc34f6ac6269fc2fc4e06377f
	at java.base/jdk.internal.reflect.NativeConstructorAccessorImpl.newInstance0(Native Method)
	at java.base/jdk.internal.reflect.NativeConstructorAccessorImpl.newInstance(NativeConstructorAccessorImpl.java:77)
	at java.base/jdk.internal.reflect.DelegatingConstructorAccessorImpl.newInstance(DelegatingConstructorAccessorImpl.java:45)
	at java.base/java.lang.reflect.Constructor.newInstanceWithCaller(Constructor.java:499)
	at java.base/java.lang.reflect.Constructor.newInstance(Constructor.java:480)
	at org.openqa.selenium.remote.codec.w3c.W3CHttpResponseCodec.createException(W3CHttpResponseCodec.java:200)
	at org.openqa.selenium.remote.codec.w3c.W3CHttpResponseCodec.decode(W3CHttpResponseCodec.java:133)
	at org.openqa.selenium.remote.codec.w3c.W3CHttpResponseCodec.decode(W3CHttpResponseCodec.java:52)
	at org.openqa.selenium.remote.HttpCommandExecutor.execute(HttpCommandExecutor.java:191)
	at org.openqa.selenium.remote.service.DriverCommandExecutor.invokeExecute(DriverCommandExecutor.java:200)
	at org.openqa.selenium.remote.service.DriverCommandExecutor.execute(DriverCommandExecutor.java:175)
	at org.openqa.selenium.remote.RemoteWebDriver.execute(RemoteWebDriver.java:602)
	at org.openqa.selenium.remote.ElementLocation$ElementFinder$2.findElement(ElementLocation.java:165)
	at org.openqa.selenium.remote.ElementLocation.findElement(ElementLocation.java:59)
	at org.openqa.selenium.remote.RemoteWebDriver.findElement(RemoteWebDriver.java:359)
	at org.openqa.selenium.remote.RemoteWebDriver.findElement(RemoteWebDriver.java:353)
	at org.openqa.selenium.support.pagefactory.DefaultElementLocator.findElement(DefaultElementLocator.java:68)
	at org.openqa.selenium.support.pagefactory.internal.LocatingElementHandler.invoke(LocatingElementHandler.java:38)
	at jdk.proxy2/jdk.proxy2.$Proxy35.click(Unknown Source)
	at Actions.AccountAction.pop(AccountAction.java:27)
	at Definitions.AccountDefinitions.launching_the_lenskart_webpage(AccountDefinitions.java:20)
	at ✽.Launching the lenskart webpage(file:///C:/Users/osaravanakarthikeyan/TestDreamers_Lenskart/src/test/resources/Feature/account.feature:6)
</textarea>
		</li>
		<li test-id='104' class='node when Skip' status='Skip'>
			<div class="step-name" title="(Definitions.AccountDefinitions.user_enters_valid_username(io.cucumber.datatable.DataTable))"><span class='status skip' title='Skip'><i class='material-icons'>redo</i></span>When User enters valid username</div>


					<div class="node-step"><table class='markup-table table '><tr><td>email</td></tr><tr><td>arpi.angya@gmail.com</td></tr></table></div>
					<div class="node-step">Step skipped</div>
		</li>
		<li test-id='105' class='node and Skip' status='Skip'>
			<div class="step-name" title="(Definitions.AccountDefinitions.user_clicks_the_next_for_login())"><span class='status skip' title='Skip'><i class='material-icons'>redo</i></span>And user clicks the next for login</div>


					<div class="node-step">Step skipped</div>
		</li>
		<li test-id='106' class='node and Skip' status='Skip'>
			<div class="step-name" title="(Definitions.AccountDefinitions.user_enters_valid_password(io.cucumber.datatable.DataTable))"><span class='status skip' title='Skip'><i class='material-icons'>redo</i></span>And User enters valid password</div>


					<div class="node-step"><table class='markup-table table '><tr><td>password</td></tr><tr><td>Sunflower123</td></tr></table></div>
					<div class="node-step">Step skipped</div>
		</li>
		<li test-id='107' class='node and Skip' status='Skip'>
			<div class="step-name" title="(Definitions.AccountDefinitions.user_clicks_the_login_button())"><span class='status skip' title='Skip'><i class='material-icons'>redo</i></span>And User clicks the login button</div>


					<div class="node-step">Step skipped</div>
		</li>
		<li test-id='108' class='node and Skip' status='Skip'>
			<div class="step-name" title="(Definitions.AccountDefinitions.user_clicks_the_user_account())"><span class='status skip' title='Skip'><i class='material-icons'>redo</i></span>And user clicks the user account</div>


					<div class="node-step">Step skipped</div>
		</li>
		<li test-id='109' class='node and Skip' status='Skip'>
			<div class="step-name" title="(Definitions.AccountDefinitions.user_clicks_the_my_orders())"><span class='status skip' title='Skip'><i class='material-icons'>redo</i></span>And user clicks the My orders</div>


					<div class="node-step">Step skipped</div>
		</li>
		<li test-id='110' class='node and Skip' status='Skip'>
			<div class="step-name" title="(Definitions.AccountDefinitions.again_clicks_the_user_account())"><span class='status skip' title='Skip'><i class='material-icons'>redo</i></span>And again clicks the user account</div>


					<div class="node-step">Step skipped</div>
		</li>
		<li test-id='111' class='node and Skip' status='Skip'>
			<div class="step-name" title="(Definitions.AccountDefinitions.user_clicks_the_my_prescription())"><span class='status skip' title='Skip'><i class='material-icons'>redo</i></span>And user clicks the my prescription</div>


					<div class="node-step">Step skipped</div>
		</li>
		<li test-id='112' class='node and Skip' status='Skip'>
			<div class="step-name" title="(Definitions.AccountDefinitions.user_clicks_the_store_credit())"><span class='status skip' title='Skip'><i class='material-icons'>redo</i></span>And user clicks the store credit</div>


					<div class="node-step">Step skipped</div>
		</li>
		<li test-id='113' class='node and Skip' status='Skip'>
			<div class="step-name" title="(Definitions.AccountDefinitions.user_clicks_the_account_information())"><span class='status skip' title='Skip'><i class='material-icons'>redo</i></span>And user clicks the account information</div>


					<div class="node-step">Step skipped</div>
		</li>
		<li test-id='114' class='node then Skip' status='Skip'>
			<div class="step-name" title="(Definitions.AccountDefinitions.asserting_the_value_of_first_name())"><span class='status skip' title='Skip'><i class='material-icons'>redo</i></span>Then asserting the value of first name</div>


					<div class="node-step">Step skipped</div>
		</li>
	</ul>
</div>
					</div>
				</li>
				<li class='test displayed active has-leaf fail' status='fail' bdd='true' test-id='116'>
					<div class='test-heading'>
						<span class='test-name'>sunglass feature of lenskart</span>
						<span class='test-time'>Nov 21, 2023 12:10:37 PM</span>
						<span class='test-status right fail'>Fail</span>
					</div>
					<div class='test-content hide'>
<div class="sr-filters bdd-filters">
	<a class="btn-floating waves-effect waves-light pass green" title="pass"><i class='material-icons'>check_circle</i></a>
	<a class="btn-floating waves-effect waves-light fail red" title="fail"><i class='material-icons'>cancel</i></a>
	<a class="btn-floating waves-effect waves-light skip blue" title="skip"><i class='material-icons'>redo</i></a>
	<a class="btn-floating waves-effect waves-light clear grey" title="clear"><i class='material-icons'>clear</i></a>
</div>

<div class='scenario node' test-id='117' status='fail'>

	<span class='duration right label'>00 00 14.927</span>
	<div class="bdd-test">
		<div class="scenario-name"><span class='status fail' title='Fail'><i class='material-icons'>cancel</i></span> Scenario: checking the sunglass category of lenskart</div>
	</div>
	
	
		<div class='category-list'>
				<span class='category label'>@EyeGlassescategory</span>
		</div>
	
	<ul class='steps'>
		<li test-id='119' class='node given Fail' status='Fail'>
			<div class="step-name" title="(Definitions.SunglassDefinition.launch_the_webpage_of_lenskart())"><span class='status fail' title='Fail'><i class='material-icons'>cancel</i></span>Given launch the webpage of lenskart</div>


					<textarea disabled class="code-block">java.lang.NullPointerException: Cannot invoke "org.apache.logging.log4j.Logger.info(String)" because "this.log" is null
	at Definitions.SunglassDefinition.launch_the_webpage_of_lenskart(SunglassDefinition.java:25)
	at ✽.launch the webpage of lenskart(file:///C:/Users/osaravanakarthikeyan/TestDreamers_Lenskart/src/test/resources/Feature/categorysunglass.feature:5)
</textarea>
		</li>
		<li test-id='120' class='node when Skip' status='Skip'>
			<div class="step-name" title="(Definitions.SunglassDefinition.hover_the_mouse_to_sunglasses_and_click())"><span class='status skip' title='Skip'><i class='material-icons'>redo</i></span>When Hover the mouse to sunglasses and click</div>


					<div class="node-step">Step skipped</div>
		</li>
		<li test-id='121' class='node and Skip' status='Skip'>
			<div class="step-name" title="(Definitions.SunglassDefinition.check_the_variety_of_sunglasss())"><span class='status skip' title='Skip'><i class='material-icons'>redo</i></span>And check the variety of sunglasss</div>


					<div class="node-step">Step skipped</div>
		</li>
		<li test-id='122' class='node and Skip' status='Skip'>
			<div class="step-name" title="(Definitions.SunglassDefinition.click_the_range())"><span class='status skip' title='Skip'><i class='material-icons'>redo</i></span>And click the range</div>


					<div class="node-step">Step skipped</div>
		</li>
		<li test-id='123' class='node and Skip' status='Skip'>
			<div class="step-name" title="(Definitions.SunglassDefinition.sort_the_product_by_price_low_to_high())"><span class='status skip' title='Skip'><i class='material-icons'>redo</i></span>And Sort the product by price:low to high</div>


					<div class="node-step">Step skipped</div>
		</li>
		<li test-id='124' class='node and Skip' status='Skip'>
			<div class="step-name" title="(Definitions.SunglassDefinition.filtering_frame_type_by_half_rim())"><span class='status skip' title='Skip'><i class='material-icons'>redo</i></span>And Filtering  frame type by half rim</div>


					<div class="node-step">Step skipped</div>
		</li>
		<li test-id='125' class='node and Skip' status='Skip'>
			<div class="step-name" title="(Definitions.SunglassDefinition.chose_the_sunglass())"><span class='status skip' title='Skip'><i class='material-icons'>redo</i></span>And chose the sunglass</div>


					<div class="node-step">Step skipped</div>
		</li>
		<li test-id='126' class='node and Skip' status='Skip'>
			<div class="step-name" title="(Definitions.SunglassDefinition.switch_to_another_tab())"><span class='status skip' title='Skip'><i class='material-icons'>redo</i></span>And switch to another tab</div>


					<div class="node-step">Step skipped</div>
		</li>
		<li test-id='127' class='node and Skip' status='Skip'>
			<div class="step-name" title="(Definitions.SunglassDefinition.click_the_power())"><span class='status skip' title='Skip'><i class='material-icons'>redo</i></span>And click the power</div>


					<div class="node-step">Step skipped</div>
		</li>
		<li test-id='128' class='node and Skip' status='Skip'>
			<div class="step-name" title="(Definitions.SunglassDefinition.choose_the_color_for_sunglass())"><span class='status skip' title='Skip'><i class='material-icons'>redo</i></span>And choose the color for sunglass</div>


					<div class="node-step">Step skipped</div>
		</li>
		<li test-id='129' class='node and Skip' status='Skip'>
			<div class="step-name" title="(Definitions.SunglassDefinition.click_the_continue())"><span class='status skip' title='Skip'><i class='material-icons'>redo</i></span>And click the continue</div>


					<div class="node-step">Step skipped</div>
		</li>
		<li test-id='130' class='node and Skip' status='Skip'>
			<div class="step-name" title="(Definitions.SunglassDefinition.user_given_the_checkout())"><span class='status skip' title='Skip'><i class='material-icons'>redo</i></span>And user given the checkout</div>


					<div class="node-step">Step skipped</div>
		</li>
		<li test-id='131' class='node then Skip' status='Skip'>
			<div class="step-name" title="(Definitions.SunglassDefinition.asserting_the_bill_details())"><span class='status skip' title='Skip'><i class='material-icons'>redo</i></span>Then asserting the bill details</div>


					<div class="node-step">Step skipped</div>
		</li>
	</ul>
</div>
					</div>
				</li>
				<li class='test displayed active has-leaf fail' status='fail' bdd='true' test-id='133'>
					<div class='test-heading'>
						<span class='test-name'>features of lenskart</span>
						<span class='test-time'>Nov 21, 2023 12:10:52 PM</span>
						<span class='test-status right fail'>Fail</span>
					</div>
					<div class='test-content hide'>
<div class="sr-filters bdd-filters">
	<a class="btn-floating waves-effect waves-light pass green" title="pass"><i class='material-icons'>check_circle</i></a>
	<a class="btn-floating waves-effect waves-light fail red" title="fail"><i class='material-icons'>cancel</i></a>
	<a class="btn-floating waves-effect waves-light skip blue" title="skip"><i class='material-icons'>redo</i></a>
	<a class="btn-floating waves-effect waves-light clear grey" title="clear"><i class='material-icons'>clear</i></a>
</div>

<div class='scenario node' test-id='134' status='fail'>

	<span class='duration right label'>00 00 09.642</span>
	<div class="bdd-test">
		<div class="scenario-name"><span class='status fail' title='Fail'><i class='material-icons'>cancel</i></span> Scenario: checking the search product of lenskart</div>
	</div>
	
	
		<div class='category-list'>
				<span class='category label'>@Searchproduct</span>
		</div>
	
	<ul class='steps'>
		<li test-id='136' class='node given Fail' status='Fail'>
			<div class="step-name" title="(Definitions.SearchDefition.launching_the_lenskart())"><span class='status fail' title='Fail'><i class='material-icons'>cancel</i></span>Given launching the lenskart</div>


					<textarea disabled class="code-block">java.lang.NullPointerException: Cannot invoke "org.apache.logging.log4j.Logger.info(String)" because "this.log" is null
	at Definitions.SearchDefition.launching_the_lenskart(SearchDefition.java:36)
	at ✽.launching the lenskart(file:///C:/Users/osaravanakarthikeyan/TestDreamers_Lenskart/src/test/resources/Feature/search.feature:6)
</textarea>
		</li>
		<li test-id='137' class='node and Skip' status='Skip'>
			<div class="step-name" title="(Definitions.SearchDefition.given_the_product_name_to_search())"><span class='status skip' title='Skip'><i class='material-icons'>redo</i></span>And given the product name to search</div>


					<div class="node-step">Step skipped</div>
		</li>
		<li test-id='138' class='node and Skip' status='Skip'>
			<div class="step-name" title="(Definitions.SearchDefition.given_the_enter())"><span class='status skip' title='Skip'><i class='material-icons'>redo</i></span>And given the enter</div>


					<div class="node-step">Step skipped</div>
		</li>
		<li test-id='139' class='node and Skip' status='Skip'>
			<div class="step-name" title="(Definitions.SearchDefition.given_the_filter_for_frame_shape())"><span class='status skip' title='Skip'><i class='material-icons'>redo</i></span>And given the filter for frame shape</div>


					<div class="node-step">Step skipped</div>
		</li>
		<li test-id='140' class='node and Skip' status='Skip'>
			<div class="step-name" title="(Definitions.SearchDefition.given_the_filter_for_frame_size())"><span class='status skip' title='Skip'><i class='material-icons'>redo</i></span>And given the filter for frame size</div>


					<div class="node-step">Step skipped</div>
		</li>
		<li test-id='141' class='node and Skip' status='Skip'>
			<div class="step-name" title="(Definitions.SearchDefition.given_the_filter_for_frame_type())"><span class='status skip' title='Skip'><i class='material-icons'>redo</i></span>And given the filter for frame type</div>


					<div class="node-step">Step skipped</div>
		</li>
		<li test-id='142' class='node and Skip' status='Skip'>
			<div class="step-name" title="(Definitions.SearchDefition.given_the_sort_for_result_high_to_low())"><span class='status skip' title='Skip'><i class='material-icons'>redo</i></span>And given the sort for result high to low</div>


					<div class="node-step">Step skipped</div>
		</li>
		<li test-id='143' class='node and Skip' status='Skip'>
			<div class="step-name" title="(Definitions.SearchDefition.user_selects_the_eyeglass())"><span class='status skip' title='Skip'><i class='material-icons'>redo</i></span>And user selects the eyeglass</div>


					<div class="node-step">Step skipped</div>
		</li>
		<li test-id='144' class='node and Skip' status='Skip'>
			<div class="step-name" title="(Definitions.SearchDefition.switch_to_newly_opened_tab())"><span class='status skip' title='Skip'><i class='material-icons'>redo</i></span>And switch to newly opened tab</div>


					<div class="node-step">Step skipped</div>
		</li>
		<li test-id='145' class='node and Skip' status='Skip'>
			<div class="step-name" title="(Definitions.SearchDefition.user_clicks_the_select_lens())"><span class='status skip' title='Skip'><i class='material-icons'>redo</i></span>And user clicks the select lens</div>


					<div class="node-step">Step skipped</div>
		</li>
		<li test-id='146' class='node and Skip' status='Skip'>
			<div class="step-name" title="(Definitions.SearchDefition.user_clicks_the_select_lens_type())"><span class='status skip' title='Skip'><i class='material-icons'>redo</i></span>And user clicks the select lens type</div>


					<div class="node-step">Step skipped</div>
		</li>
		<li test-id='147' class='node and Skip' status='Skip'>
			<div class="step-name" title="(Definitions.SearchDefition.user_clicks_the_select_premium_lens())"><span class='status skip' title='Skip'><i class='material-icons'>redo</i></span>And user clicks the select premium lens</div>


					<div class="node-step">Step skipped</div>
		</li>
		<li test-id='148' class='node and Skip' status='Skip'>
			<div class="step-name" title="(Definitions.SearchDefition.user_clicks_the_select_lens_coating())"><span class='status skip' title='Skip'><i class='material-icons'>redo</i></span>And user clicks the select lens coating.</div>


					<div class="node-step">Step skipped</div>
		</li>
		<li test-id='149' class='node and Skip' status='Skip'>
			<div class="step-name" title="(Definitions.SearchDefition.user_click_the_continue())"><span class='status skip' title='Skip'><i class='material-icons'>redo</i></span>And user click the continue</div>


					<div class="node-step">Step skipped</div>
		</li>
		<li test-id='150' class='node and Skip' status='Skip'>
			<div class="step-name" title="(Definitions.SearchDefition.user_click_the_checkout_glass())"><span class='status skip' title='Skip'><i class='material-icons'>redo</i></span>And user click the checkout glass</div>


					<div class="node-step">Step skipped</div>
		</li>
		<li test-id='151' class='node then Skip' status='Skip'>
			<div class="step-name" title="(Definitions.SearchDefition.asserting_the_product_user_selected_with_details())"><span class='status skip' title='Skip'><i class='material-icons'>redo</i></span>Then asserting the product user selected with details</div>


					<div class="node-step">Step skipped</div>
		</li>
	</ul>
</div>
					</div>
				</li>
			</ul>
		</div>
	</div>
	
	
	<!-- subview left -->
	<div class='subview-right left'>
		<div class='view-summary'>
			<div id='step-filters' class="right sr-filters">
				<a class="btn-floating waves-effect waves-light green" status="pass" alt="pass" title="pass"><i class="material-icons">check_circle</i></a>
				<a class="btn-floating waves-effect waves-light red" status="fail" alt="fail" title="fail"><i class="material-icons">cancel</i></a>
				<a class="btn-floating waves-effect waves-light red darken-4" status="fatal" alt="fatal" title="fatal"><i class="material-icons">cancel</i></a>
				<a class="btn-floating waves-effect waves-light pink text-lighten-1" status="error" alt="error" title="error"><i class="material-icons">error</i></a>
				<a class="btn-floating waves-effect waves-light orange" alt="warning" status="warning" title="warning"><i class="material-icons">warning</i></a>
				<a class="btn-floating waves-effect waves-light teal" status="skip" alt="skip" title="skip"><i class="material-icons">redo</i></a>
				<a class="btn-floating waves-effect waves-light grey" status="clear" alt="Clear filters" title="Clear filters"><i class="material-icons">clear</i></a>
			</div>
			<h5 class='test-name'></h5>
		</div>
	</div>
	<!-- subview right -->
</div>
<!-- test view --><div id='category-view' class='view hide'>
	<section id='controls'>
		<div class='controls grey lighten-4'>
			<!-- search -->
			<div class='chip transparent' alt='Search Tests' title='Search Tests'>
				<a href="#" class='search-div'>
				<i class='material-icons'>search</i> Search
				</a>
				<div class='input-field left hide'>
					<input id='search-tests' type='text' class='validate browser-default' placeholder='Search Tests...'>
				</div>
			</div>
			<!-- search -->
		</div>
	</section>
	<div class='subview-left left'>
		<div class='view-summary'>
			<ul id='category-collection' class='category-collection'>
				<li class='category displayed active'>
					<div class='category-heading'>
						<span class='category-name'>@ComputerGlassesCategory</span>
						<span class='category-status right'>
						<span class='label fail'>1</span>
						</span>
					</div>
					<div class='category-content hide'>
						<div class='category-status-counts'>
							
							<span status="fail" class='label red lighten-1 white-text'>Failed: 1</span>
							
						</div>
						<div class='category-tests'>
							<table class='bordered table-results'>
								<thead>
									<tr>
										<th>Timestamp</th>
										<th>TestName</th>
										<th>Status</th>
									</tr>
								</thead>
								<tbody>
									<tr>
										<td>Nov 21, 2023 12:08:29 PM</td>
										<td class='linked' test-id='15'>Buying a computerglass item</td>
										<td><span class='test-status Fail'>Fail</span></td>
									</tr>
								</tbody>
							</table>
						</div>
					</div>
				</li>
				<li class='category displayed active'>
					<div class='category-heading'>
						<span class='category-name'>@EyeGlassescategory</span>
						<span class='category-status right'>
						<span class='label fail'>2</span>
						</span>
					</div>
					<div class='category-content hide'>
						<div class='category-status-counts'>
							
							<span status="fail" class='label red lighten-1 white-text'>Failed: 2</span>
							
						</div>
						<div class='category-tests'>
							<table class='bordered table-results'>
								<thead>
									<tr>
										<th>Timestamp</th>
										<th>TestName</th>
										<th>Status</th>
									</tr>
								</thead>
								<tbody>
									<tr>
										<td>Nov 21, 2023 12:08:29 PM</td>
										<td class='linked' test-id='28'>checking the eyeglasses category of lenskart</td>
										<td><span class='test-status Fail'>Fail</span></td>
									</tr>
									<tr>
										<td>Nov 21, 2023 12:10:37 PM</td>
										<td class='linked' test-id='117'>checking the sunglass category of lenskart</td>
										<td><span class='test-status Fail'>Fail</span></td>
									</tr>
								</tbody>
							</table>
						</div>
					</div>
				</li>
				<li class='category displayed active'>
					<div class='category-heading'>
						<span class='category-name'>@AboutUs</span>
						<span class='category-status right'>
						<span class='label fail'>1</span>
						</span>
					</div>
					<div class='category-content hide'>
						<div class='category-status-counts'>
							
							<span status="fail" class='label red lighten-1 white-text'>Failed: 1</span>
							
						</div>
						<div class='category-tests'>
							<table class='bordered table-results'>
								<thead>
									<tr>
										<th>Timestamp</th>
										<th>TestName</th>
										<th>Status</th>
									</tr>
								</thead>
								<tbody>
									<tr>
										<td>Nov 21, 2023 12:08:23 PM</td>
										<td class='linked' test-id='2'>Checking AboutUs features in lenskart application</td>
										<td><span class='test-status Fail'>Fail</span></td>
									</tr>
								</tbody>
							</table>
						</div>
					</div>
				</li>
				<li class='category displayed active'>
					<div class='category-heading'>
						<span class='category-name'>@MyAccount</span>
						<span class='category-status right'>
						<span class='label fail'>1</span>
						</span>
					</div>
					<div class='category-content hide'>
						<div class='category-status-counts'>
							
							<span status="fail" class='label red lighten-1 white-text'>Failed: 1</span>
							
						</div>
						<div class='category-tests'>
							<table class='bordered table-results'>
								<thead>
									<tr>
										<th>Timestamp</th>
										<th>TestName</th>
										<th>Status</th>
									</tr>
								</thead>
								<tbody>
									<tr>
										<td>Nov 21, 2023 12:10:00 PM</td>
										<td class='linked' test-id='101'>Checking the MyAccount of lenskart</td>
										<td><span class='test-status Fail'>Fail</span></td>
									</tr>
								</tbody>
							</table>
						</div>
					</div>
				</li>
				<li class='category displayed active'>
					<div class='category-heading'>
						<span class='category-name'>@ValidCredentials</span>
						<span class='category-status right'>
						<span class='label fail'>1</span>
						</span>
					</div>
					<div class='category-content hide'>
						<div class='category-status-counts'>
							
							<span status="fail" class='label red lighten-1 white-text'>Failed: 1</span>
							
						</div>
						<div class='category-tests'>
							<table class='bordered table-results'>
								<thead>
									<tr>
										<th>Timestamp</th>
										<th>TestName</th>
										<th>Status</th>
									</tr>
								</thead>
								<tbody>
									<tr>
										<td>Nov 21, 2023 12:09:10 PM</td>
										<td class='linked' test-id='58'>Checking credentials on Login</td>
										<td><span class='test-status Fail'>Fail</span></td>
									</tr>
								</tbody>
							</table>
						</div>
					</div>
				</li>
				<li class='category displayed active'>
					<div class='category-heading'>
						<span class='category-name'>@Wishlist</span>
						<span class='category-status right'>
						<span class='label pass'>1</span>
						<span class='label fail'>1</span>
						</span>
					</div>
					<div class='category-content hide'>
						<div class='category-status-counts'>
							<span status="pass" class='label green accent-4 white-text'>Passed: 1</span>
							<span status="fail" class='label red lighten-1 white-text'>Failed: 1</span>
							
						</div>
						<div class='category-tests'>
							<table class='bordered table-results'>
								<thead>
									<tr>
										<th>Timestamp</th>
										<th>TestName</th>
										<th>Status</th>
									</tr>
								</thead>
								<tbody>
									<tr>
										<td>Nov 21, 2023 12:09:20 PM</td>
										<td class='linked' test-id='77'>Clicking the services option</td>
										<td><span class='test-status Fail'>Fail</span></td>
									</tr>
									<tr>
										<td>Nov 21, 2023 12:09:37 PM</td>
										<td class='linked' test-id='89'>Selecting and Buying Glasses</td>
										<td><span class='test-status Pass'>Pass</span></td>
									</tr>
								</tbody>
							</table>
						</div>
					</div>
				</li>
				<li class='category displayed active'>
					<div class='category-heading'>
						<span class='category-name'>@RegisterPage</span>
						<span class='category-status right'>
						<span class='label fail'>1</span>
						</span>
					</div>
					<div class='category-content hide'>
						<div class='category-status-counts'>
							
							<span status="fail" class='label red lighten-1 white-text'>Failed: 1</span>
							
						</div>
						<div class='category-tests'>
							<table class='bordered table-results'>
								<thead>
									<tr>
										<th>Timestamp</th>
										<th>TestName</th>
										<th>Status</th>
									</tr>
								</thead>
								<tbody>
									<tr>
										<td>Nov 21, 2023 12:09:20 PM</td>
										<td class='linked' test-id='68'>Registering the application with valid credentials</td>
										<td><span class='test-status Fail'>Fail</span></td>
									</tr>
								</tbody>
							</table>
						</div>
					</div>
				</li>
				<li class='category displayed active'>
					<div class='category-heading'>
						<span class='category-name'>@Searchproduct</span>
						<span class='category-status right'>
						<span class='label fail'>1</span>
						</span>
					</div>
					<div class='category-content hide'>
						<div class='category-status-counts'>
							
							<span status="fail" class='label red lighten-1 white-text'>Failed: 1</span>
							
						</div>
						<div class='category-tests'>
							<table class='bordered table-results'>
								<thead>
									<tr>
										<th>Timestamp</th>
										<th>TestName</th>
										<th>Status</th>
									</tr>
								</thead>
								<tbody>
									<tr>
										<td>Nov 21, 2023 12:10:52 PM</td>
										<td class='linked' test-id='134'>checking the search product of lenskart</td>
										<td><span class='test-status Fail'>Fail</span></td>
									</tr>
								</tbody>
							</table>
						</div>
					</div>
				</li>
			</ul>
		</div>
	</div>
	<div class='subview-right left'>
		<div class='view-summary'>
			<h5 class='category-name'></h5>
		</div>
	</div>
</div>
<!-- category view --><div id='exception-view' class='view hide'>
	<section id='controls'>
		<div class='controls grey lighten-4'>
			<!-- search -->
			<div class='chip transparent' alt='Search Tests' title='Search Tests'>
				<a href="#" class='search-div'>
				<i class='material-icons'>search</i> Search
				</a>
				<div class='input-field left hide'>
					<input id='search-tests' type='text' class='validate browser-default' placeholder='Search Tests...'>
				</div>
			</div>
			<!-- search -->
		</div>
	</section>
	<div class='subview-left left'>
		<div class='view-summary'>
			<ul id='exception-collection' class='exception-collection'>
				<li class='exception displayed active'>
					<div class='exception-heading'>
						<span class='exception-name'>io.cucumber.core.exception.CucumberException</span>
						<span class='exception-count right'><span class='label red lighten-1 white-text'>3</span></span>
					</div>
					<div class='exception-content hide'>
						<div class='exception-tests'>
							<table class='bordered table-results'>
								<thead>
									<tr>
										<th>Timestamp</th>
										<th>TestName</th>
										<th>StackTrace</th>
									</tr>
								</thead>
								<tbody>
									<tr>
										<td>Nov 21, 2023 12:08:29 PM</td>
										<td class='linked' test-id='4'>Given User goes to lenskart webpage</td>
										<td>
											<textarea disabled class="code-block">io.cucumber.core.exception.CucumberException: Failed to instantiate class Definitions.AboutUsStepDef
	at io.cucumber.core.backend.DefaultObjectFactory.cacheNewInstance(DefaultObjectFactory.java:67)
	at io.cucumber.core.backend.DefaultObjectFactory.getInstance(DefaultObjectFactory.java:45)
	at io.cucumber.java.AbstractGlueDefinition.invokeMethod(AbstractGlueDefinition.java:47)
	at io.cucumber.java.JavaStepDefinition.execute(JavaStepDefinition.java:29)
	at io.cucumber.core.runner.CoreStepDefinition.execute(CoreStepDefinition.java:66)
	at io.cucumber.core.runner.PickleStepDefinitionMatch.runStep(PickleStepDefinitionMatch.java:63)
	at io.cucumber.core.runner.ExecutionMode$1.execute(ExecutionMode.java:10)
	at io.cucumber.core.runner.TestStep.executeStep(TestStep.java:84)
	at io.cucumber.core.runner.TestStep.run(TestStep.java:56)
	at io.cucumber.core.runner.PickleStepTestStep.run(PickleStepTestStep.java:51)
	at io.cucumber.core.runner.TestCase.run(TestCase.java:84)
	at io.cucumber.core.runner.Runner.runPickle(Runner.java:75)
	at io.cucumber.junit.PickleRunners$NoStepDescriptions.lambda$run$0(PickleRunners.java:151)
	at io.cucumber.core.runtime.CucumberExecutionContext.lambda$runTestCase$5(CucumberExecutionContext.java:137)
	at io.cucumber.core.runtime.RethrowingThrowableCollector.executeAndThrow(RethrowingThrowableCollector.java:23)
	at io.cucumber.core.runtime.CucumberExecutionContext.runTestCase(CucumberExecutionContext.java:137)
	at io.cucumber.junit.PickleRunners$NoStepDescriptions.run(PickleRunners.java:148)
	at io.cucumber.junit.FeatureRunner.runChild(FeatureRunner.java:144)
	at io.cucumber.junit.FeatureRunner.runChild(FeatureRunner.java:28)
	at org.junit.runners.ParentRunner$4.run(ParentRunner.java:331)
	at org.junit.runners.ParentRunner$1.schedule(ParentRunner.java:79)
	at org.junit.runners.ParentRunner.runChildren(ParentRunner.java:329)
	at org.junit.runners.ParentRunner.access$100(ParentRunner.java:66)
	at org.junit.runners.ParentRunner$2.evaluate(ParentRunner.java:293)
	at org.junit.runners.ParentRunner$3.evaluate(ParentRunner.java:306)
	at org.junit.runners.ParentRunner.run(ParentRunner.java:413)
	at io.cucumber.junit.FeatureRunner.run(FeatureRunner.java:137)
	at io.cucumber.junit.Cucumber.runChild(Cucumber.java:196)
	at io.cucumber.junit.Cucumber.runChild(Cucumber.java:89)
	at org.junit.runners.ParentRunner$4.run(ParentRunner.java:331)
	at org.junit.runners.ParentRunner$1.schedule(ParentRunner.java:79)
	at org.junit.runners.ParentRunner.runChildren(ParentRunner.java:329)
	at org.junit.runners.ParentRunner.access$100(ParentRunner.java:66)
	at org.junit.runners.ParentRunner$2.evaluate(ParentRunner.java:293)
	at io.cucumber.core.runtime.CucumberExecutionContext.lambda$runFeatures$6(CucumberExecutionContext.java:148)
	at io.cucumber.core.runtime.CucumberExecutionContext.execute(CucumberExecutionContext.java:163)
	at io.cucumber.core.runtime.CucumberExecutionContext.runFeatures(CucumberExecutionContext.java:146)
	at io.cucumber.junit.Cucumber$StartAndFinishTestRun.evaluate(Cucumber.java:226)
	at org.junit.runners.ParentRunner$3.evaluate(ParentRunner.java:306)
	at org.junit.runners.ParentRunner.run(ParentRunner.java:413)
	at org.eclipse.jdt.internal.junit4.runner.JUnit4TestReference.run(JUnit4TestReference.java:93)
	at org.eclipse.jdt.internal.junit.runner.TestExecution.run(TestExecution.java:40)
	at org.eclipse.jdt.internal.junit.runner.RemoteTestRunner.runTests(RemoteTestRunner.java:529)
	at org.eclipse.jdt.internal.junit.runner.RemoteTestRunner.runTests(RemoteTestRunner.java:756)
	at org.eclipse.jdt.internal.junit.runner.RemoteTestRunner.run(RemoteTestRunner.java:452)
	at org.eclipse.jdt.internal.junit.runner.RemoteTestRunner.main(RemoteTestRunner.java:210)
Caused by: java.lang.reflect.InvocationTargetException
	at java.base/jdk.internal.reflect.NativeConstructorAccessorImpl.newInstance0(Native Method)
	at java.base/jdk.internal.reflect.NativeConstructorAccessorImpl.newInstance(NativeConstructorAccessorImpl.java:77)
	at java.base/jdk.internal.reflect.DelegatingConstructorAccessorImpl.newInstance(DelegatingConstructorAccessorImpl.java:45)
	at java.base/java.lang.reflect.Constructor.newInstanceWithCaller(Constructor.java:499)
	at java.base/java.lang.reflect.Constructor.newInstance(Constructor.java:480)
	at io.cucumber.core.backend.DefaultObjectFactory.cacheNewInstance(DefaultObjectFactory.java:53)
	... 45 more
Caused by: java.lang.NullPointerException: inStream parameter is null
	at java.base/java.util.Objects.requireNonNull(Objects.java:233)
	at java.base/java.util.Properties.load(Properties.java:407)
	at Utility.RegisterUtility.registerData(RegisterUtility.java:33)
	at Utility.RegisterUtility.<init>(RegisterUtility.java:18)
	at Definitions.AboutUsStepDef.<init>(AboutUsStepDef.java:13)
	... 51 more
</textarea>
										</td>
									</tr>
									<tr>
										<td>Nov 21, 2023 12:08:29 PM</td>
										<td class='linked' test-id='17'>Given User goes to the lenskart webpage</td>
										<td>
											<textarea disabled class="code-block">io.cucumber.core.exception.CucumberException: Failed to instantiate class Definitions.AboutUsStepDef
	at io.cucumber.core.backend.DefaultObjectFactory.cacheNewInstance(DefaultObjectFactory.java:67)
	at io.cucumber.core.backend.DefaultObjectFactory.getInstance(DefaultObjectFactory.java:45)
	at io.cucumber.java.AbstractGlueDefinition.invokeMethod(AbstractGlueDefinition.java:47)
	at io.cucumber.java.JavaStepDefinition.execute(JavaStepDefinition.java:29)
	at io.cucumber.core.runner.CoreStepDefinition.execute(CoreStepDefinition.java:66)
	at io.cucumber.core.runner.PickleStepDefinitionMatch.runStep(PickleStepDefinitionMatch.java:63)
	at io.cucumber.core.runner.ExecutionMode$1.execute(ExecutionMode.java:10)
	at io.cucumber.core.runner.TestStep.executeStep(TestStep.java:84)
	at io.cucumber.core.runner.TestStep.run(TestStep.java:56)
	at io.cucumber.core.runner.PickleStepTestStep.run(PickleStepTestStep.java:51)
	at io.cucumber.core.runner.TestCase.run(TestCase.java:84)
	at io.cucumber.core.runner.Runner.runPickle(Runner.java:75)
	at io.cucumber.junit.PickleRunners$NoStepDescriptions.lambda$run$0(PickleRunners.java:151)
	at io.cucumber.core.runtime.CucumberExecutionContext.lambda$runTestCase$5(CucumberExecutionContext.java:137)
	at io.cucumber.core.runtime.RethrowingThrowableCollector.executeAndThrow(RethrowingThrowableCollector.java:23)
	at io.cucumber.core.runtime.CucumberExecutionContext.runTestCase(CucumberExecutionContext.java:137)
	at io.cucumber.junit.PickleRunners$NoStepDescriptions.run(PickleRunners.java:148)
	at io.cucumber.junit.FeatureRunner.runChild(FeatureRunner.java:144)
	at io.cucumber.junit.FeatureRunner.runChild(FeatureRunner.java:28)
	at org.junit.runners.ParentRunner$4.run(ParentRunner.java:331)
	at org.junit.runners.ParentRunner$1.schedule(ParentRunner.java:79)
	at org.junit.runners.ParentRunner.runChildren(ParentRunner.java:329)
	at org.junit.runners.ParentRunner.access$100(ParentRunner.java:66)
	at org.junit.runners.ParentRunner$2.evaluate(ParentRunner.java:293)
	at org.junit.runners.ParentRunner$3.evaluate(ParentRunner.java:306)
	at org.junit.runners.ParentRunner.run(ParentRunner.java:413)
	at io.cucumber.junit.FeatureRunner.run(FeatureRunner.java:137)
	at io.cucumber.junit.Cucumber.runChild(Cucumber.java:196)
	at io.cucumber.junit.Cucumber.runChild(Cucumber.java:89)
	at org.junit.runners.ParentRunner$4.run(ParentRunner.java:331)
	at org.junit.runners.ParentRunner$1.schedule(ParentRunner.java:79)
	at org.junit.runners.ParentRunner.runChildren(ParentRunner.java:329)
	at org.junit.runners.ParentRunner.access$100(ParentRunner.java:66)
	at org.junit.runners.ParentRunner$2.evaluate(ParentRunner.java:293)
	at io.cucumber.core.runtime.CucumberExecutionContext.lambda$runFeatures$6(CucumberExecutionContext.java:148)
	at io.cucumber.core.runtime.CucumberExecutionContext.execute(CucumberExecutionContext.java:163)
	at io.cucumber.core.runtime.CucumberExecutionContext.runFeatures(CucumberExecutionContext.java:146)
	at io.cucumber.junit.Cucumber$StartAndFinishTestRun.evaluate(Cucumber.java:226)
	at org.junit.runners.ParentRunner$3.evaluate(ParentRunner.java:306)
	at org.junit.runners.ParentRunner.run(ParentRunner.java:413)
	at org.eclipse.jdt.internal.junit4.runner.JUnit4TestReference.run(JUnit4TestReference.java:93)
	at org.eclipse.jdt.internal.junit.runner.TestExecution.run(TestExecution.java:40)
	at org.eclipse.jdt.internal.junit.runner.RemoteTestRunner.runTests(RemoteTestRunner.java:529)
	at org.eclipse.jdt.internal.junit.runner.RemoteTestRunner.runTests(RemoteTestRunner.java:756)
	at org.eclipse.jdt.internal.junit.runner.RemoteTestRunner.run(RemoteTestRunner.java:452)
	at org.eclipse.jdt.internal.junit.runner.RemoteTestRunner.main(RemoteTestRunner.java:210)
Caused by: java.lang.reflect.InvocationTargetException
	at java.base/jdk.internal.reflect.NativeConstructorAccessorImpl.newInstance0(Native Method)
	at java.base/jdk.internal.reflect.NativeConstructorAccessorImpl.newInstance(NativeConstructorAccessorImpl.java:77)
	at java.base/jdk.internal.reflect.DelegatingConstructorAccessorImpl.newInstance(DelegatingConstructorAccessorImpl.java:45)
	at java.base/java.lang.reflect.Constructor.newInstanceWithCaller(Constructor.java:499)
	at java.base/java.lang.reflect.Constructor.newInstance(Constructor.java:480)
	at io.cucumber.core.backend.DefaultObjectFactory.cacheNewInstance(DefaultObjectFactory.java:53)
	... 45 more
Caused by: java.lang.NullPointerException: inStream parameter is null
	at java.base/java.util.Objects.requireNonNull(Objects.java:233)
	at java.base/java.util.Properties.load(Properties.java:407)
	at Utility.RegisterUtility.registerData(RegisterUtility.java:33)
	at Utility.RegisterUtility.<init>(RegisterUtility.java:18)
	at Definitions.AboutUsStepDef.<init>(AboutUsStepDef.java:13)
	... 51 more
</textarea>
										</td>
									</tr>
									<tr>
										<td>Nov 21, 2023 12:09:20 PM</td>
										<td class='linked' test-id='70'>Given User opens the Lenskart register page</td>
										<td>
											<textarea disabled class="code-block">io.cucumber.core.exception.CucumberException: Failed to instantiate class Definitions.AboutUsStepDef
	at io.cucumber.core.backend.DefaultObjectFactory.cacheNewInstance(DefaultObjectFactory.java:67)
	at io.cucumber.core.backend.DefaultObjectFactory.getInstance(DefaultObjectFactory.java:45)
	at io.cucumber.java.AbstractGlueDefinition.invokeMethod(AbstractGlueDefinition.java:47)
	at io.cucumber.java.JavaStepDefinition.execute(JavaStepDefinition.java:29)
	at io.cucumber.core.runner.CoreStepDefinition.execute(CoreStepDefinition.java:66)
	at io.cucumber.core.runner.PickleStepDefinitionMatch.runStep(PickleStepDefinitionMatch.java:63)
	at io.cucumber.core.runner.ExecutionMode$1.execute(ExecutionMode.java:10)
	at io.cucumber.core.runner.TestStep.executeStep(TestStep.java:84)
	at io.cucumber.core.runner.TestStep.run(TestStep.java:56)
	at io.cucumber.core.runner.PickleStepTestStep.run(PickleStepTestStep.java:51)
	at io.cucumber.core.runner.TestCase.run(TestCase.java:84)
	at io.cucumber.core.runner.Runner.runPickle(Runner.java:75)
	at io.cucumber.junit.PickleRunners$NoStepDescriptions.lambda$run$0(PickleRunners.java:151)
	at io.cucumber.core.runtime.CucumberExecutionContext.lambda$runTestCase$5(CucumberExecutionContext.java:137)
	at io.cucumber.core.runtime.RethrowingThrowableCollector.executeAndThrow(RethrowingThrowableCollector.java:23)
	at io.cucumber.core.runtime.CucumberExecutionContext.runTestCase(CucumberExecutionContext.java:137)
	at io.cucumber.junit.PickleRunners$NoStepDescriptions.run(PickleRunners.java:148)
	at io.cucumber.junit.FeatureRunner.runChild(FeatureRunner.java:144)
	at io.cucumber.junit.FeatureRunner.runChild(FeatureRunner.java:28)
	at org.junit.runners.ParentRunner$4.run(ParentRunner.java:331)
	at org.junit.runners.ParentRunner$1.schedule(ParentRunner.java:79)
	at org.junit.runners.ParentRunner.runChildren(ParentRunner.java:329)
	at org.junit.runners.ParentRunner.access$100(ParentRunner.java:66)
	at org.junit.runners.ParentRunner$2.evaluate(ParentRunner.java:293)
	at org.junit.runners.ParentRunner$3.evaluate(ParentRunner.java:306)
	at org.junit.runners.ParentRunner.run(ParentRunner.java:413)
	at io.cucumber.junit.FeatureRunner.run(FeatureRunner.java:137)
	at io.cucumber.junit.Cucumber.runChild(Cucumber.java:196)
	at io.cucumber.junit.Cucumber.runChild(Cucumber.java:89)
	at org.junit.runners.ParentRunner$4.run(ParentRunner.java:331)
	at org.junit.runners.ParentRunner$1.schedule(ParentRunner.java:79)
	at org.junit.runners.ParentRunner.runChildren(ParentRunner.java:329)
	at org.junit.runners.ParentRunner.access$100(ParentRunner.java:66)
	at org.junit.runners.ParentRunner$2.evaluate(ParentRunner.java:293)
	at io.cucumber.core.runtime.CucumberExecutionContext.lambda$runFeatures$6(CucumberExecutionContext.java:148)
	at io.cucumber.core.runtime.CucumberExecutionContext.execute(CucumberExecutionContext.java:163)
	at io.cucumber.core.runtime.CucumberExecutionContext.runFeatures(CucumberExecutionContext.java:146)
	at io.cucumber.junit.Cucumber$StartAndFinishTestRun.evaluate(Cucumber.java:226)
	at org.junit.runners.ParentRunner$3.evaluate(ParentRunner.java:306)
	at org.junit.runners.ParentRunner.run(ParentRunner.java:413)
	at org.eclipse.jdt.internal.junit4.runner.JUnit4TestReference.run(JUnit4TestReference.java:93)
	at org.eclipse.jdt.internal.junit.runner.TestExecution.run(TestExecution.java:40)
	at org.eclipse.jdt.internal.junit.runner.RemoteTestRunner.runTests(RemoteTestRunner.java:529)
	at org.eclipse.jdt.internal.junit.runner.RemoteTestRunner.runTests(RemoteTestRunner.java:756)
	at org.eclipse.jdt.internal.junit.runner.RemoteTestRunner.run(RemoteTestRunner.java:452)
	at org.eclipse.jdt.internal.junit.runner.RemoteTestRunner.main(RemoteTestRunner.java:210)
Caused by: java.lang.reflect.InvocationTargetException
	at java.base/jdk.internal.reflect.NativeConstructorAccessorImpl.newInstance0(Native Method)
	at java.base/jdk.internal.reflect.NativeConstructorAccessorImpl.newInstance(NativeConstructorAccessorImpl.java:77)
	at java.base/jdk.internal.reflect.DelegatingConstructorAccessorImpl.newInstance(DelegatingConstructorAccessorImpl.java:45)
	at java.base/java.lang.reflect.Constructor.newInstanceWithCaller(Constructor.java:499)
	at java.base/java.lang.reflect.Constructor.newInstance(Constructor.java:480)
	at io.cucumber.core.backend.DefaultObjectFactory.cacheNewInstance(DefaultObjectFactory.java:53)
	... 45 more
Caused by: java.lang.NullPointerException: inStream parameter is null
	at java.base/java.util.Objects.requireNonNull(Objects.java:233)
	at java.base/java.util.Properties.load(Properties.java:407)
	at Utility.RegisterUtility.registerData(RegisterUtility.java:33)
	at Utility.RegisterUtility.<init>(RegisterUtility.java:18)
	at Definitions.AboutUsStepDef.<init>(AboutUsStepDef.java:13)
	... 51 more
</textarea>
										</td>
									</tr>
								</tbody>
							</table>
						</div>
					</div>
				</li>
				<li class='exception displayed active'>
					<div class='exception-heading'>
						<span class='exception-name'>org.openqa.selenium.NoAlertPresentException</span>
						<span class='exception-count right'><span class='label red lighten-1 white-text'>1</span></span>
					</div>
					<div class='exception-content hide'>
						<div class='exception-tests'>
							<table class='bordered table-results'>
								<thead>
									<tr>
										<th>Timestamp</th>
										<th>TestName</th>
										<th>StackTrace</th>
									</tr>
								</thead>
								<tbody>
									<tr>
										<td>Nov 21, 2023 12:09:20 PM</td>
										<td class='linked' test-id='64'>And User clicks login and goes to home</td>
										<td>
											<textarea disabled class="code-block">org.openqa.selenium.NoAlertPresentException: no such alert
  (Session info: MicrosoftEdge=119.0.2151.72)
Build info: version: '4.14.1', revision: '03f8ede370'
System info: os.name: 'Windows 10', os.arch: 'amd64', os.version: '10.0', java.version: '17.0.8'
Driver info: org.openqa.selenium.edge.EdgeDriver
Command: [b79055fcc34f6ac6269fc2fc4e06377f, getAlertText {}]
Capabilities {acceptInsecureCerts: false, browserName: msedge, browserVersion: 119.0.2151.72, fedcm:accounts: true, ms:edgeOptions: {debuggerAddress: localhost:60935}, msedge: {msedgedriverVersion: 119.0.2151.72 (e8225cce8e47..., userDataDir: C:\Users\OSARAV~1\AppData\L...}, networkConnectionEnabled: false, pageLoadStrategy: normal, platformName: windows, proxy: Proxy(), se:cdp: ws://localhost:60935/devtoo..., se:cdpVersion: 119.0.2151.72, setWindowRect: true, strictFileInteractability: false, timeouts: {implicit: 0, pageLoad: 300000, script: 30000}, unhandledPromptBehavior: dismiss and notify, webauthn:extension:credBlob: true, webauthn:extension:largeBlob: true, webauthn:extension:minPinLength: true, webauthn:extension:prf: true, webauthn:virtualAuthenticators: true}
Session ID: b79055fcc34f6ac6269fc2fc4e06377f
	at java.base/jdk.internal.reflect.NativeConstructorAccessorImpl.newInstance0(Native Method)
	at java.base/jdk.internal.reflect.NativeConstructorAccessorImpl.newInstance(NativeConstructorAccessorImpl.java:77)
	at java.base/jdk.internal.reflect.DelegatingConstructorAccessorImpl.newInstance(DelegatingConstructorAccessorImpl.java:45)
	at java.base/java.lang.reflect.Constructor.newInstanceWithCaller(Constructor.java:499)
	at java.base/java.lang.reflect.Constructor.newInstance(Constructor.java:480)
	at org.openqa.selenium.remote.codec.w3c.W3CHttpResponseCodec.createException(W3CHttpResponseCodec.java:200)
	at org.openqa.selenium.remote.codec.w3c.W3CHttpResponseCodec.decode(W3CHttpResponseCodec.java:133)
	at org.openqa.selenium.remote.codec.w3c.W3CHttpResponseCodec.decode(W3CHttpResponseCodec.java:52)
	at org.openqa.selenium.remote.HttpCommandExecutor.execute(HttpCommandExecutor.java:191)
	at org.openqa.selenium.remote.service.DriverCommandExecutor.invokeExecute(DriverCommandExecutor.java:200)
	at org.openqa.selenium.remote.service.DriverCommandExecutor.execute(DriverCommandExecutor.java:175)
	at org.openqa.selenium.remote.RemoteWebDriver.execute(RemoteWebDriver.java:602)
	at org.openqa.selenium.remote.RemoteWebDriver.execute(RemoteWebDriver.java:675)
	at org.openqa.selenium.remote.RemoteWebDriver.execute(RemoteWebDriver.java:679)
	at org.openqa.selenium.remote.RemoteWebDriver$RemoteTargetLocator.alert(RemoteWebDriver.java:1202)
	at Actions.LoginPage.close(LoginPage.java:75)
	at Definitions.LoginDef.user_clicks_login(LoginDef.java:57)
	at ✽.User clicks login and goes to home(file:///C:/Users/osaravanakarthikeyan/TestDreamers_Lenskart/src/test/resources/Feature/Login.feature:18)
</textarea>
										</td>
									</tr>
								</tbody>
							</table>
						</div>
					</div>
				</li>
				<li class='exception displayed active'>
					<div class='exception-heading'>
						<span class='exception-name'>java.lang.NullPointerException</span>
						<span class='exception-count right'><span class='label red lighten-1 white-text'>3</span></span>
					</div>
					<div class='exception-content hide'>
						<div class='exception-tests'>
							<table class='bordered table-results'>
								<thead>
									<tr>
										<th>Timestamp</th>
										<th>TestName</th>
										<th>StackTrace</th>
									</tr>
								</thead>
								<tbody>
									<tr>
										<td>Nov 21, 2023 12:08:58 PM</td>
										<td class='linked' test-id='46'>And Click on FaceBook</td>
										<td>
											<textarea disabled class="code-block">java.lang.NullPointerException: Cannot invoke "org.openqa.selenium.WebElement.click()" because "this.follow.facebook" is null
	at Actions.KidsAct.fb(KidsAct.java:42)
	at Definitions.FollowDef.click_on_face_book(FollowDef.java:25)
	at ✽.Click on FaceBook(file:///C:/Users/osaravanakarthikeyan/TestDreamers_Lenskart/src/test/resources/Feature/FollowUs.feature:6)
</textarea>
										</td>
									</tr>
									<tr>
										<td>Nov 21, 2023 12:10:37 PM</td>
										<td class='linked' test-id='119'>Given launch the webpage of lenskart</td>
										<td>
											<textarea disabled class="code-block">java.lang.NullPointerException: Cannot invoke "org.openqa.selenium.WebElement.click()" because "this.follow.facebook" is null
	at Actions.KidsAct.fb(KidsAct.java:42)
	at Definitions.FollowDef.click_on_face_book(FollowDef.java:25)
	at ✽.Click on FaceBook(file:///C:/Users/osaravanakarthikeyan/TestDreamers_Lenskart/src/test/resources/Feature/FollowUs.feature:6)
</textarea>
										</td>
									</tr>
									<tr>
										<td>Nov 21, 2023 12:10:52 PM</td>
										<td class='linked' test-id='136'>Given launching the lenskart</td>
										<td>
											<textarea disabled class="code-block">java.lang.NullPointerException: Cannot invoke "org.openqa.selenium.WebElement.click()" because "this.follow.facebook" is null
	at Actions.KidsAct.fb(KidsAct.java:42)
	at Definitions.FollowDef.click_on_face_book(FollowDef.java:25)
	at ✽.Click on FaceBook(file:///C:/Users/osaravanakarthikeyan/TestDreamers_Lenskart/src/test/resources/Feature/FollowUs.feature:6)
</textarea>
										</td>
									</tr>
								</tbody>
							</table>
						</div>
					</div>
				</li>
				<li class='exception displayed active'>
					<div class='exception-heading'>
						<span class='exception-name'>org.openqa.selenium.NoSuchElementException</span>
						<span class='exception-count right'><span class='label red lighten-1 white-text'>2</span></span>
					</div>
					<div class='exception-content hide'>
						<div class='exception-tests'>
							<table class='bordered table-results'>
								<thead>
									<tr>
										<th>Timestamp</th>
										<th>TestName</th>
										<th>StackTrace</th>
									</tr>
								</thead>
								<tbody>
									<tr>
										<td>Nov 21, 2023 12:09:26 PM</td>
										<td class='linked' test-id='81'>And User clicks the search option and giving location</td>
										<td>
											<textarea disabled class="code-block">org.openqa.selenium.NoSuchElementException: no such element: Unable to locate element: {"method":"xpath","selector":"//input[@placeholder='Search by state/pincode/Locality']"}
  (Session info: MicrosoftEdge=119.0.2151.72)
For documentation on this error, please visit: https://www.selenium.dev/documentation/webdriver/troubleshooting/errors#no-such-element-exception
Build info: version: '4.14.1', revision: '03f8ede370'
System info: os.name: 'Windows 10', os.arch: 'amd64', os.version: '10.0', java.version: '17.0.8'
Driver info: org.openqa.selenium.edge.EdgeDriver
Command: [b79055fcc34f6ac6269fc2fc4e06377f, findElement {using=xpath, value=//input[@placeholder='Search by state/pincode/Locality']}]
Capabilities {acceptInsecureCerts: false, browserName: msedge, browserVersion: 119.0.2151.72, fedcm:accounts: true, ms:edgeOptions: {debuggerAddress: localhost:60935}, msedge: {msedgedriverVersion: 119.0.2151.72 (e8225cce8e47..., userDataDir: C:\Users\OSARAV~1\AppData\L...}, networkConnectionEnabled: false, pageLoadStrategy: normal, platformName: windows, proxy: Proxy(), se:cdp: ws://localhost:60935/devtoo..., se:cdpVersion: 119.0.2151.72, setWindowRect: true, strictFileInteractability: false, timeouts: {implicit: 0, pageLoad: 300000, script: 30000}, unhandledPromptBehavior: dismiss and notify, webauthn:extension:credBlob: true, webauthn:extension:largeBlob: true, webauthn:extension:minPinLength: true, webauthn:extension:prf: true, webauthn:virtualAuthenticators: true}
Session ID: b79055fcc34f6ac6269fc2fc4e06377f
	at java.base/jdk.internal.reflect.NativeConstructorAccessorImpl.newInstance0(Native Method)
	at java.base/jdk.internal.reflect.NativeConstructorAccessorImpl.newInstance(NativeConstructorAccessorImpl.java:77)
	at java.base/jdk.internal.reflect.DelegatingConstructorAccessorImpl.newInstance(DelegatingConstructorAccessorImpl.java:45)
	at java.base/java.lang.reflect.Constructor.newInstanceWithCaller(Constructor.java:499)
	at java.base/java.lang.reflect.Constructor.newInstance(Constructor.java:480)
	at org.openqa.selenium.remote.codec.w3c.W3CHttpResponseCodec.createException(W3CHttpResponseCodec.java:200)
	at org.openqa.selenium.remote.codec.w3c.W3CHttpResponseCodec.decode(W3CHttpResponseCodec.java:133)
	at org.openqa.selenium.remote.codec.w3c.W3CHttpResponseCodec.decode(W3CHttpResponseCodec.java:52)
	at org.openqa.selenium.remote.HttpCommandExecutor.execute(HttpCommandExecutor.java:191)
	at org.openqa.selenium.remote.service.DriverCommandExecutor.invokeExecute(DriverCommandExecutor.java:200)
	at org.openqa.selenium.remote.service.DriverCommandExecutor.execute(DriverCommandExecutor.java:175)
	at org.openqa.selenium.remote.RemoteWebDriver.execute(RemoteWebDriver.java:602)
	at org.openqa.selenium.remote.ElementLocation$ElementFinder$2.findElement(ElementLocation.java:165)
	at org.openqa.selenium.remote.ElementLocation.findElement(ElementLocation.java:59)
	at org.openqa.selenium.remote.RemoteWebDriver.findElement(RemoteWebDriver.java:359)
	at org.openqa.selenium.remote.RemoteWebDriver.findElement(RemoteWebDriver.java:353)
	at org.openqa.selenium.support.pagefactory.DefaultElementLocator.findElement(DefaultElementLocator.java:68)
	at org.openqa.selenium.support.pagefactory.internal.LocatingElementHandler.invoke(LocatingElementHandler.java:38)
	at jdk.proxy2/jdk.proxy2.$Proxy35.click(Unknown Source)
	at Actions.ServicesAct.Search(ServicesAct.java:30)
	at Definitions.ServicesDef.user_clicks_the_search_option_and_giving_location(ServicesDef.java:32)
	at ✽.User clicks the search option and giving location(file:///C:/Users/osaravanakarthikeyan/TestDreamers_Lenskart/src/test/resources/Feature/Services.feature:7)
</textarea>
										</td>
									</tr>
									<tr>
										<td>Nov 21, 2023 12:10:00 PM</td>
										<td class='linked' test-id='103'>Given Launching the lenskart webpage</td>
										<td>
											<textarea disabled class="code-block">org.openqa.selenium.NoSuchElementException: no such element: Unable to locate element: {"method":"xpath","selector":"//input[@placeholder='Search by state/pincode/Locality']"}
  (Session info: MicrosoftEdge=119.0.2151.72)
For documentation on this error, please visit: https://www.selenium.dev/documentation/webdriver/troubleshooting/errors#no-such-element-exception
Build info: version: '4.14.1', revision: '03f8ede370'
System info: os.name: 'Windows 10', os.arch: 'amd64', os.version: '10.0', java.version: '17.0.8'
Driver info: org.openqa.selenium.edge.EdgeDriver
Command: [b79055fcc34f6ac6269fc2fc4e06377f, findElement {using=xpath, value=//input[@placeholder='Search by state/pincode/Locality']}]
Capabilities {acceptInsecureCerts: false, browserName: msedge, browserVersion: 119.0.2151.72, fedcm:accounts: true, ms:edgeOptions: {debuggerAddress: localhost:60935}, msedge: {msedgedriverVersion: 119.0.2151.72 (e8225cce8e47..., userDataDir: C:\Users\OSARAV~1\AppData\L...}, networkConnectionEnabled: false, pageLoadStrategy: normal, platformName: windows, proxy: Proxy(), se:cdp: ws://localhost:60935/devtoo..., se:cdpVersion: 119.0.2151.72, setWindowRect: true, strictFileInteractability: false, timeouts: {implicit: 0, pageLoad: 300000, script: 30000}, unhandledPromptBehavior: dismiss and notify, webauthn:extension:credBlob: true, webauthn:extension:largeBlob: true, webauthn:extension:minPinLength: true, webauthn:extension:prf: true, webauthn:virtualAuthenticators: true}
Session ID: b79055fcc34f6ac6269fc2fc4e06377f
	at java.base/jdk.internal.reflect.NativeConstructorAccessorImpl.newInstance0(Native Method)
	at java.base/jdk.internal.reflect.NativeConstructorAccessorImpl.newInstance(NativeConstructorAccessorImpl.java:77)
	at java.base/jdk.internal.reflect.DelegatingConstructorAccessorImpl.newInstance(DelegatingConstructorAccessorImpl.java:45)
	at java.base/java.lang.reflect.Constructor.newInstanceWithCaller(Constructor.java:499)
	at java.base/java.lang.reflect.Constructor.newInstance(Constructor.java:480)
	at org.openqa.selenium.remote.codec.w3c.W3CHttpResponseCodec.createException(W3CHttpResponseCodec.java:200)
	at org.openqa.selenium.remote.codec.w3c.W3CHttpResponseCodec.decode(W3CHttpResponseCodec.java:133)
	at org.openqa.selenium.remote.codec.w3c.W3CHttpResponseCodec.decode(W3CHttpResponseCodec.java:52)
	at org.openqa.selenium.remote.HttpCommandExecutor.execute(HttpCommandExecutor.java:191)
	at org.openqa.selenium.remote.service.DriverCommandExecutor.invokeExecute(DriverCommandExecutor.java:200)
	at org.openqa.selenium.remote.service.DriverCommandExecutor.execute(DriverCommandExecutor.java:175)
	at org.openqa.selenium.remote.RemoteWebDriver.execute(RemoteWebDriver.java:602)
	at org.openqa.selenium.remote.ElementLocation$ElementFinder$2.findElement(ElementLocation.java:165)
	at org.openqa.selenium.remote.ElementLocation.findElement(ElementLocation.java:59)
	at org.openqa.selenium.remote.RemoteWebDriver.findElement(RemoteWebDriver.java:359)
	at org.openqa.selenium.remote.RemoteWebDriver.findElement(RemoteWebDriver.java:353)
	at org.openqa.selenium.support.pagefactory.DefaultElementLocator.findElement(DefaultElementLocator.java:68)
	at org.openqa.selenium.support.pagefactory.internal.LocatingElementHandler.invoke(LocatingElementHandler.java:38)
	at jdk.proxy2/jdk.proxy2.$Proxy35.click(Unknown Source)
	at Actions.ServicesAct.Search(ServicesAct.java:30)
	at Definitions.ServicesDef.user_clicks_the_search_option_and_giving_location(ServicesDef.java:32)
	at ✽.User clicks the search option and giving location(file:///C:/Users/osaravanakarthikeyan/TestDreamers_Lenskart/src/test/resources/Feature/Services.feature:7)
</textarea>
										</td>
									</tr>
								</tbody>
							</table>
						</div>
					</div>
				</li>
				<li class='exception displayed active'>
					<div class='exception-heading'>
						<span class='exception-name'>org.openqa.selenium.ElementClickInterceptedException</span>
						<span class='exception-count right'><span class='label red lighten-1 white-text'>1</span></span>
					</div>
					<div class='exception-content hide'>
						<div class='exception-tests'>
							<table class='bordered table-results'>
								<thead>
									<tr>
										<th>Timestamp</th>
										<th>TestName</th>
										<th>StackTrace</th>
									</tr>
								</thead>
								<tbody>
									<tr>
										<td>Nov 21, 2023 12:08:52 PM</td>
										<td class='linked' test-id='37'>And user clicking the product in the wishlist</td>
										<td>
											<textarea disabled class="code-block">org.openqa.selenium.ElementClickInterceptedException: element click intercepted: Element is not clickable at point (909, 932)
  (Session info: MicrosoftEdge=119.0.2151.72)
Build info: version: '4.14.1', revision: '03f8ede370'
System info: os.name: 'Windows 10', os.arch: 'amd64', os.version: '10.0', java.version: '17.0.8'
Driver info: org.openqa.selenium.edge.EdgeDriver
Command: [b79055fcc34f6ac6269fc2fc4e06377f, clickElement {id=D3D64F443B1BC54C4C7F9D068681B7E5_element_397}]
Capabilities {acceptInsecureCerts: false, browserName: msedge, browserVersion: 119.0.2151.72, fedcm:accounts: true, ms:edgeOptions: {debuggerAddress: localhost:60935}, msedge: {msedgedriverVersion: 119.0.2151.72 (e8225cce8e47..., userDataDir: C:\Users\OSARAV~1\AppData\L...}, networkConnectionEnabled: false, pageLoadStrategy: normal, platformName: windows, proxy: Proxy(), se:cdp: ws://localhost:60935/devtoo..., se:cdpVersion: 119.0.2151.72, setWindowRect: true, strictFileInteractability: false, timeouts: {implicit: 0, pageLoad: 300000, script: 30000}, unhandledPromptBehavior: dismiss and notify, webauthn:extension:credBlob: true, webauthn:extension:largeBlob: true, webauthn:extension:minPinLength: true, webauthn:extension:prf: true, webauthn:virtualAuthenticators: true}
Element: [[EdgeDriver: msedge on windows (b79055fcc34f6ac6269fc2fc4e06377f)] -> xpath: //div[@class='ItemContainer--zw71mv ikRDxY']]
Session ID: b79055fcc34f6ac6269fc2fc4e06377f
	at java.base/jdk.internal.reflect.NativeConstructorAccessorImpl.newInstance0(Native Method)
	at java.base/jdk.internal.reflect.NativeConstructorAccessorImpl.newInstance(NativeConstructorAccessorImpl.java:77)
	at java.base/jdk.internal.reflect.DelegatingConstructorAccessorImpl.newInstance(DelegatingConstructorAccessorImpl.java:45)
	at java.base/java.lang.reflect.Constructor.newInstanceWithCaller(Constructor.java:499)
	at java.base/java.lang.reflect.Constructor.newInstance(Constructor.java:480)
	at org.openqa.selenium.remote.codec.w3c.W3CHttpResponseCodec.createException(W3CHttpResponseCodec.java:200)
	at org.openqa.selenium.remote.codec.w3c.W3CHttpResponseCodec.decode(W3CHttpResponseCodec.java:133)
	at org.openqa.selenium.remote.codec.w3c.W3CHttpResponseCodec.decode(W3CHttpResponseCodec.java:52)
	at org.openqa.selenium.remote.HttpCommandExecutor.execute(HttpCommandExecutor.java:191)
	at org.openqa.selenium.remote.service.DriverCommandExecutor.invokeExecute(DriverCommandExecutor.java:200)
	at org.openqa.selenium.remote.service.DriverCommandExecutor.execute(DriverCommandExecutor.java:175)
	at org.openqa.selenium.remote.RemoteWebDriver.execute(RemoteWebDriver.java:602)
	at org.openqa.selenium.remote.RemoteWebElement.execute(RemoteWebElement.java:224)
	at org.openqa.selenium.remote.RemoteWebElement.click(RemoteWebElement.java:77)
	at java.base/jdk.internal.reflect.NativeMethodAccessorImpl.invoke0(Native Method)
	at java.base/jdk.internal.reflect.NativeMethodAccessorImpl.invoke(NativeMethodAccessorImpl.java:77)
	at java.base/jdk.internal.reflect.DelegatingMethodAccessorImpl.invoke(DelegatingMethodAccessorImpl.java:43)
	at java.base/java.lang.reflect.Method.invoke(Method.java:568)
	at org.openqa.selenium.support.pagefactory.internal.LocatingElementHandler.invoke(LocatingElementHandler.java:51)
	at jdk.proxy2/jdk.proxy2.$Proxy35.click(Unknown Source)
	at Actions.EyeGlassesAct.ClickProduct(EyeGlassesAct.java:51)
	at Definitions.EyeGlassesDef.user_clicking_the_product_in_the_wishlist(EyeGlassesDef.java:73)
	at ✽.user clicking the product in the wishlist(file:///C:/Users/osaravanakarthikeyan/TestDreamers_Lenskart/src/test/resources/Feature/EyeGlasses.feature:13)
</textarea>
										</td>
									</tr>
								</tbody>
							</table>
						</div>
					</div>
				</li>
			</ul>
		</div>
	</div>
	<div class='subview-right left'>
		<div class='view-summary'>
			<h5 class='exception-name'></h5>
		</div>
	</div>
</div>
<!-- exception view --><div id='dashboard-view' class='view hide'>
	<div class='card-panel transparent np-v'>
		<h5>Dashboard</h5>

		<div class='row'>
			<div class='col s2'>
				<div class='card-panel r'>
					Features
					<div class='panel-lead'>12</div>
				</div>
			</div>
			<div class='col s2'>
				<div class='card-panel r'>
					Scenarios
					<div class='panel-lead'>12</div>
				</div>
			</div>
			<div class='col s2'>
				<div class='card-panel r'>
					Steps
					<div class='panel-lead'>104</div>
				</div>
			</div>
			<div class='col s2'>
				<div class='card-panel r'>
					Start
					<div class='panel-lead'>Nov 21, 2023 12:08:23 PM</div>
				</div>
			</div>
			<div class='col s2'>
				<div class='card-panel r'>
			 		End
			 		<div class='panel-lead'>Nov 21, 2023 12:11:02 PM</div>
				</div>
			</div>
			<div class='col s2'>
				<div class='card-panel r'>
					Time Taken
					<div class='panel-lead'>00 02 38.636</div>
				</div>
			</div>
			<div class='col s4'>
				<div class='card-panel dashboard-environment'>
					<span class='right label cyan white-text'>Environment</span><p>&nbsp;</p>
					
					<table>
						<tr>
							<th>Name</th>
							<th>Value</th>
						</tr>
							<tr>
								<td>version</td>
								<td>10</td>
							</tr>
							<tr>
								<td>os</td>
								<td>windows</td>
							</tr>
					</table>
				</div>
			</div>
			<div class='col s6'>
				<div class='card-panel dashboard-categories'>
					<span class='right label cyan white-text'>Categories</span><p>&nbsp;</p>
					
					<table>
						<tr>
							<th>Name</th>
							<th>Passed</th>
							<th>Failed</th>
							<th>Skipped</th>
							<th>Passed %</th>
						</tr>
						<tr>
							<td>@ComputerGlassesCategory</td>
							<td>0</td>
							<td>1</td>
							<td>0</td>
							<td>
									0%
							</td>
						</tr>
						<tr>
							<td>@EyeGlassescategory</td>
							<td>0</td>
							<td>2</td>
							<td>0</td>
							<td>
									0%
							</td>
						</tr>
						<tr>
							<td>@AboutUs</td>
							<td>0</td>
							<td>1</td>
							<td>0</td>
							<td>
									0%
							</td>
						</tr>
						<tr>
							<td>@MyAccount</td>
							<td>0</td>
							<td>1</td>
							<td>0</td>
							<td>
									0%
							</td>
						</tr>
						<tr>
							<td>@ValidCredentials</td>
							<td>0</td>
							<td>1</td>
							<td>0</td>
							<td>
									0%
							</td>
						</tr>
						<tr>
							<td>@Wishlist</td>
							<td>1</td>
							<td>1</td>
							<td>0</td>
							<td>
									50%
							</td>
						</tr>
						<tr>
							<td>@RegisterPage</td>
							<td>0</td>
							<td>1</td>
							<td>0</td>
							<td>
									0%
							</td>
						</tr>
						<tr>
							<td>@Searchproduct</td>
							<td>0</td>
							<td>1</td>
							<td>0</td>
							<td>
									0%
							</td>
						</tr>
					</table>
				</div>
			</div>
		</div>
	</div>
</div>
<!-- dashboard view -->
		</div>
		<!-- container -->
		<script>
			var statusGroup = {
                parentCount: 12,
				passParent: 2,
				failParent: 10,
				fatalParent: 0,
				errorParent: 0,
				warningParent: 0,
				skipParent: 0,
				childCount: 12,
				passChild: 2,
				failChild: 10,
				fatalChild: 0,
				errorChild: 0,
				warningChild: 0,
				skipChild: 0,
				infoChild: 0,
				grandChildCount: 104,
				passGrandChild: 27,
				failGrandChild: 10,
				fatalGrandChild: 0,
				errorGrandChild: 0,
				warningGrandChild: 0,
				skipGrandChild: 67,
				infoGrandChild: 0,
			};
			</script>
		
		<script>
			var timeline = {
			        "Check AboutUs in lenskart application":5.801,"Buy an item in lenskart application":0.008,"feature of lenskart":24.43,"Follow page":3.941,"Kids Category":12.131,"Login page":10.099,"Register to Lenskart web application":0.004,"feature of lenskart":16.351,"feature of lenskart":23.391,"My account of lenskart":37.015,"sunglass feature of lenskart":14.927,"features of lenskart":9.642
			};
		</script>
		
		  <script src='http://cdn.jsdelivr.net/gh/extent-framework/extent-github-cdn@ff53917fbbdb5ef820abbbe4d199a6942dc771ff/v3html/js/extent.js' type='text/javascript'></script>
		
		
		<script type='text/javascript'>
				
		</script> 

	</body>
</html>